{
  "/workspaces/omnimind-ai/eslint.config.js": {
    "path": "/workspaces/omnimind-ai/eslint.config.js",
    "all": true,
    "statementMap": {
      "0": { "start": { "line": 1, "column": 0 }, "end": { "line": 1, "column": 28 } },
      "1": { "start": { "line": 2, "column": 0 }, "end": { "line": 2, "column": 70 } },
      "2": { "start": { "line": 3, "column": 0 }, "end": { "line": 3, "column": 30 } },
      "3": { "start": { "line": 4, "column": 0 }, "end": { "line": 4, "column": 51 } },
      "4": { "start": { "line": 5, "column": 0 }, "end": { "line": 5, "column": 55 } },
      "5": { "start": { "line": 6, "column": 0 }, "end": { "line": 6, "column": 41 } },
      "6": { "start": { "line": 7, "column": 0 }, "end": { "line": 7, "column": 0 } },
      "7": { "start": { "line": 8, "column": 0 }, "end": { "line": 8, "column": 31 } },
      "8": { "start": { "line": 9, "column": 0 }, "end": { "line": 9, "column": 45 } },
      "9": { "start": { "line": 10, "column": 0 }, "end": { "line": 10, "column": 3 } },
      "10": { "start": { "line": 11, "column": 0 }, "end": { "line": 11, "column": 71 } },
      "11": { "start": { "line": 12, "column": 0 }, "end": { "line": 12, "column": 29 } },
      "12": { "start": { "line": 13, "column": 0 }, "end": { "line": 13, "column": 22 } },
      "13": { "start": { "line": 14, "column": 0 }, "end": { "line": 14, "column": 24 } },
      "14": { "start": { "line": 15, "column": 0 }, "end": { "line": 15, "column": 31 } },
      "15": { "start": { "line": 16, "column": 0 }, "end": { "line": 16, "column": 6 } },
      "16": { "start": { "line": 17, "column": 0 }, "end": { "line": 17, "column": 14 } },
      "17": { "start": { "line": 18, "column": 0 }, "end": { "line": 18, "column": 32 } },
      "18": { "start": { "line": 19, "column": 0 }, "end": { "line": 19, "column": 36 } },
      "19": { "start": { "line": 20, "column": 0 }, "end": { "line": 20, "column": 6 } },
      "20": { "start": { "line": 21, "column": 0 }, "end": { "line": 21, "column": 12 } },
      "21": { "start": { "line": 22, "column": 0 }, "end": { "line": 22, "column": 46 } },
      "22": { "start": { "line": 23, "column": 0 }, "end": { "line": 23, "column": 32 } },
      "23": { "start": { "line": 24, "column": 0 }, "end": { "line": 24, "column": 16 } },
      "24": { "start": { "line": 25, "column": 0 }, "end": { "line": 25, "column": 9 } },
      "25": { "start": { "line": 26, "column": 0 }, "end": { "line": 26, "column": 18 } },
      "26": { "start": { "line": 27, "column": 0 }, "end": { "line": 27, "column": 13 } },
      "27": { "start": { "line": 28, "column": 0 }, "end": { "line": 28, "column": 34 } },
      "28": { "start": { "line": 29, "column": 0 }, "end": { "line": 29, "column": 22 } },
      "29": { "start": { "line": 30, "column": 0 }, "end": { "line": 30, "column": 169 } },
      "30": { "start": { "line": 31, "column": 0 }, "end": { "line": 31, "column": 14 } },
      "31": { "start": { "line": 32, "column": 0 }, "end": { "line": 32, "column": 12 } },
      "32": { "start": { "line": 33, "column": 0 }, "end": { "line": 33, "column": 10 } },
      "33": { "start": { "line": 34, "column": 0 }, "end": { "line": 34, "column": 8 } },
      "34": { "start": { "line": 35, "column": 0 }, "end": { "line": 35, "column": 86 } },
      "35": { "start": { "line": 36, "column": 0 }, "end": { "line": 36, "column": 49 } },
      "36": { "start": { "line": 37, "column": 0 }, "end": { "line": 37, "column": 6 } },
      "37": { "start": { "line": 38, "column": 0 }, "end": { "line": 38, "column": 4 } },
      "38": { "start": { "line": 39, "column": 0 }, "end": { "line": 39, "column": 23 } },
      "39": { "start": { "line": 40, "column": 0 }, "end": { "line": 40, "column": 2 } }
    },
    "s": {
      "0": 0,
      "1": 0,
      "2": 0,
      "3": 0,
      "4": 0,
      "5": 0,
      "6": 0,
      "7": 0,
      "8": 0,
      "9": 0,
      "10": 0,
      "11": 0,
      "12": 0,
      "13": 0,
      "14": 0,
      "15": 0,
      "16": 0,
      "17": 0,
      "18": 0,
      "19": 0,
      "20": 0,
      "21": 0,
      "22": 0,
      "23": 0,
      "24": 0,
      "25": 0,
      "26": 0,
      "27": 0,
      "28": 0,
      "29": 0,
      "30": 0,
      "31": 0,
      "32": 0,
      "33": 0,
      "34": 0,
      "35": 0,
      "36": 0,
      "37": 0,
      "38": 0,
      "39": 0
    },
    "branchMap": {
      "0": {
        "type": "branch",
        "line": 1,
        "loc": { "start": { "line": 1, "column": 0 }, "end": { "line": 40, "column": -550 } },
        "locations": [
          { "start": { "line": 1, "column": 0 }, "end": { "line": 40, "column": -550 } }
        ]
      }
    },
    "b": { "0": [0] },
    "fnMap": {
      "0": {
        "name": "(empty-report)",
        "decl": { "start": { "line": 1, "column": 0 }, "end": { "line": 40, "column": -550 } },
        "loc": { "start": { "line": 1, "column": 0 }, "end": { "line": 40, "column": -550 } },
        "line": 1
      }
    },
    "f": { "0": 0 }
  },
  "/workspaces/omnimind-ai/vite.config.ts": {
    "path": "/workspaces/omnimind-ai/vite.config.ts",
    "all": true,
    "statementMap": {
      "0": { "start": { "line": 1, "column": 0 }, "end": { "line": 1, "column": 94 } },
      "6": { "start": { "line": 7, "column": 0 }, "end": { "line": 7, "column": 65 } },
      "8": { "start": { "line": 9, "column": 0 }, "end": { "line": 9, "column": 29 } },
      "9": { "start": { "line": 10, "column": 0 }, "end": { "line": 10, "column": 18 } },
      "12": { "start": { "line": 13, "column": 0 }, "end": { "line": 13, "column": 32 } },
      "13": { "start": { "line": 14, "column": 0 }, "end": { "line": 14, "column": 4 } },
      "14": { "start": { "line": 15, "column": 0 }, "end": { "line": 15, "column": 3 } }
    },
    "s": { "0": 0, "6": 0, "8": 0, "9": 0, "12": 0, "13": 0, "14": 0 },
    "branchMap": {
      "0": {
        "type": "branch",
        "line": 1,
        "loc": { "start": { "line": 1, "column": 808 }, "end": { "line": 15, "column": 3 } },
        "locations": [{ "start": { "line": 1, "column": 808 }, "end": { "line": 15, "column": 3 } }]
      }
    },
    "b": { "0": [0] },
    "fnMap": {
      "0": {
        "name": "(empty-report)",
        "decl": { "start": { "line": 1, "column": 808 }, "end": { "line": 15, "column": 3 } },
        "loc": { "start": { "line": 1, "column": 808 }, "end": { "line": 15, "column": 3 } },
        "line": 1
      }
    },
    "f": { "0": 0 }
  },
  "/workspaces/omnimind-ai/vitest.config.ts": {
    "path": "/workspaces/omnimind-ai/vitest.config.ts",
    "all": true,
    "statementMap": {
      "0": { "start": { "line": 1, "column": 0 }, "end": { "line": 1, "column": 3 } },
      "4": { "start": { "line": 5, "column": 0 }, "end": { "line": 5, "column": 45 } },
      "5": { "start": { "line": 6, "column": 0 }, "end": { "line": 6, "column": 41 } },
      "6": { "start": { "line": 7, "column": 0 }, "end": { "line": 7, "column": 24 } },
      "8": { "start": { "line": 9, "column": 0 }, "end": { "line": 9, "column": 29 } },
      "9": { "start": { "line": 10, "column": 0 }, "end": { "line": 10, "column": 21 } },
      "10": { "start": { "line": 11, "column": 0 }, "end": { "line": 11, "column": 9 } },
      "11": { "start": { "line": 12, "column": 0 }, "end": { "line": 12, "column": 24 } },
      "12": { "start": { "line": 13, "column": 0 }, "end": { "line": 13, "column": 18 } },
      "13": { "start": { "line": 14, "column": 0 }, "end": { "line": 14, "column": 55 } },
      "14": { "start": { "line": 15, "column": 0 }, "end": { "line": 15, "column": 65 } },
      "15": { "start": { "line": 16, "column": 0 }, "end": { "line": 16, "column": 15 } },
      "16": { "start": { "line": 17, "column": 0 }, "end": { "line": 17, "column": 21 } },
      "17": { "start": { "line": 18, "column": 0 }, "end": { "line": 18, "column": 41 } },
      "18": { "start": { "line": 19, "column": 0 }, "end": { "line": 19, "column": 16 } },
      "19": { "start": { "line": 20, "column": 0 }, "end": { "line": 20, "column": 24 } },
      "20": { "start": { "line": 21, "column": 0 }, "end": { "line": 21, "column": 27 } },
      "21": { "start": { "line": 22, "column": 0 }, "end": { "line": 22, "column": 28 } },
      "22": { "start": { "line": 23, "column": 0 }, "end": { "line": 23, "column": 8 } },
      "23": { "start": { "line": 24, "column": 0 }, "end": { "line": 24, "column": 6 } },
      "24": { "start": { "line": 25, "column": 0 }, "end": { "line": 25, "column": 4 } },
      "25": { "start": { "line": 26, "column": 0 }, "end": { "line": 26, "column": 12 } },
      "26": { "start": { "line": 27, "column": 0 }, "end": { "line": 27, "column": 12 } },
      "27": { "start": { "line": 28, "column": 0 }, "end": { "line": 28, "column": 44 } },
      "28": { "start": { "line": 29, "column": 0 }, "end": { "line": 29, "column": 6 } },
      "29": { "start": { "line": 30, "column": 0 }, "end": { "line": 30, "column": 4 } },
      "30": { "start": { "line": 31, "column": 0 }, "end": { "line": 31, "column": 3 } }
    },
    "s": {
      "0": 0,
      "4": 0,
      "5": 0,
      "6": 0,
      "8": 0,
      "9": 0,
      "10": 0,
      "11": 0,
      "12": 0,
      "13": 0,
      "14": 0,
      "15": 0,
      "16": 0,
      "17": 0,
      "18": 0,
      "19": 0,
      "20": 0,
      "21": 0,
      "22": 0,
      "23": 0,
      "24": 0,
      "25": 0,
      "26": 0,
      "27": 0,
      "28": 0,
      "29": 0,
      "30": 0
    },
    "branchMap": {
      "0": {
        "type": "branch",
        "line": 1,
        "loc": { "start": { "line": 1, "column": 0 }, "end": { "line": 31, "column": -229 } },
        "locations": [
          { "start": { "line": 1, "column": 0 }, "end": { "line": 31, "column": -229 } }
        ]
      }
    },
    "b": { "0": [0] },
    "fnMap": {
      "0": {
        "name": "(empty-report)",
        "decl": { "start": { "line": 1, "column": 0 }, "end": { "line": 31, "column": -229 } },
        "loc": { "start": { "line": 1, "column": 0 }, "end": { "line": 31, "column": -229 } },
        "line": 1
      }
    },
    "f": { "0": 0 }
  },
  "/workspaces/omnimind-ai/src/routeTree.gen.ts": {
    "path": "/workspaces/omnimind-ai/src/routeTree.gen.ts",
    "all": true,
    "statementMap": {
      "0": { "start": { "line": 1, "column": 0 }, "end": { "line": 1, "column": 20 } },
      "20": { "start": { "line": 21, "column": 0 }, "end": { "line": 21, "column": 42 } },
      "21": { "start": { "line": 22, "column": 0 }, "end": { "line": 22, "column": 14 } },
      "22": { "start": { "line": 23, "column": 0 }, "end": { "line": 23, "column": 16 } },
      "23": { "start": { "line": 24, "column": 0 }, "end": { "line": 24, "column": 40 } },
      "24": { "start": { "line": 25, "column": 0 }, "end": { "line": 25, "column": 9 } },
      "25": { "start": { "line": 26, "column": 0 }, "end": { "line": 26, "column": 70 } },
      "26": { "start": { "line": 27, "column": 0 }, "end": { "line": 27, "column": 24 } },
      "27": { "start": { "line": 28, "column": 0 }, "end": { "line": 28, "column": 40 } },
      "28": { "start": { "line": 29, "column": 0 }, "end": { "line": 29, "column": 9 } },
      "29": { "start": { "line": 30, "column": 0 }, "end": { "line": 30, "column": 44 } },
      "30": { "start": { "line": 31, "column": 0 }, "end": { "line": 31, "column": 10 } },
      "31": { "start": { "line": 32, "column": 0 }, "end": { "line": 32, "column": 12 } },
      "32": { "start": { "line": 33, "column": 0 }, "end": { "line": 33, "column": 40 } },
      "33": { "start": { "line": 34, "column": 0 }, "end": { "line": 34, "column": 9 } },
      "34": { "start": { "line": 35, "column": 0 }, "end": { "line": 35, "column": 52 } },
      "35": { "start": { "line": 36, "column": 0 }, "end": { "line": 36, "column": 20 } },
      "36": { "start": { "line": 37, "column": 0 }, "end": { "line": 37, "column": 22 } },
      "37": { "start": { "line": 38, "column": 0 }, "end": { "line": 38, "column": 40 } },
      "38": { "start": { "line": 39, "column": 0 }, "end": { "line": 39, "column": 9 } },
      "39": { "start": { "line": 40, "column": 0 }, "end": { "line": 40, "column": 48 } },
      "40": { "start": { "line": 41, "column": 0 }, "end": { "line": 41, "column": 18 } },
      "41": { "start": { "line": 42, "column": 0 }, "end": { "line": 42, "column": 20 } },
      "42": { "start": { "line": 43, "column": 0 }, "end": { "line": 43, "column": 40 } },
      "43": { "start": { "line": 44, "column": 0 }, "end": { "line": 44, "column": 9 } },
      "44": { "start": { "line": 45, "column": 0 }, "end": { "line": 45, "column": 66 } },
      "45": { "start": { "line": 46, "column": 0 }, "end": { "line": 46, "column": 13 } },
      "46": { "start": { "line": 47, "column": 0 }, "end": { "line": 47, "column": 15 } },
      "47": { "start": { "line": 48, "column": 0 }, "end": { "line": 48, "column": 48 } },
      "48": { "start": { "line": 49, "column": 0 }, "end": { "line": 49, "column": 9 } },
      "49": { "start": { "line": 50, "column": 0 }, "end": { "line": 50, "column": 76 } },
      "50": { "start": { "line": 51, "column": 0 }, "end": { "line": 51, "column": 10 } },
      "51": { "start": { "line": 52, "column": 0 }, "end": { "line": 52, "column": 12 } },
      "52": { "start": { "line": 53, "column": 0 }, "end": { "line": 53, "column": 46 } },
      "53": { "start": { "line": 54, "column": 0 }, "end": { "line": 54, "column": 9 } },
      "54": { "start": { "line": 55, "column": 0 }, "end": { "line": 55, "column": 38 } },
      "55": { "start": { "line": 56, "column": 0 }, "end": { "line": 56, "column": 47 } },
      "56": { "start": { "line": 57, "column": 0 }, "end": { "line": 57, "column": 23 } },
      "57": { "start": { "line": 58, "column": 0 }, "end": { "line": 58, "column": 25 } },
      "58": { "start": { "line": 59, "column": 0 }, "end": { "line": 59, "column": 48 } },
      "59": { "start": { "line": 60, "column": 0 }, "end": { "line": 60, "column": 11 } },
      "187": { "start": { "line": 188, "column": 0 }, "end": { "line": 188, "column": 70 } },
      "188": { "start": { "line": 189, "column": 0 }, "end": { "line": 189, "column": 57 } },
      "189": { "start": { "line": 190, "column": 0 }, "end": { "line": 190, "column": 65 } },
      "190": { "start": { "line": 191, "column": 0 }, "end": { "line": 191, "column": 1 } },
      "192": { "start": { "line": 193, "column": 0 }, "end": { "line": 193, "column": 41 } },
      "193": { "start": { "line": 194, "column": 0 }, "end": { "line": 194, "column": 71 } },
      "199": { "start": { "line": 200, "column": 0 }, "end": { "line": 200, "column": 74 } },
      "200": { "start": { "line": 201, "column": 0 }, "end": { "line": 201, "column": 59 } },
      "201": { "start": { "line": 202, "column": 0 }, "end": { "line": 202, "column": 1 } },
      "203": { "start": { "line": 204, "column": 0 }, "end": { "line": 204, "column": 43 } },
      "204": { "start": { "line": 205, "column": 0 }, "end": { "line": 205, "column": 75 } },
      "206": { "start": { "line": 207, "column": 0 }, "end": { "line": 207, "column": 46 } },
      "207": { "start": { "line": 208, "column": 0 }, "end": { "line": 208, "column": 25 } },
      "208": { "start": { "line": 209, "column": 0 }, "end": { "line": 209, "column": 63 } },
      "209": { "start": { "line": 210, "column": 0 }, "end": { "line": 210, "column": 23 } },
      "210": { "start": { "line": 211, "column": 0 }, "end": { "line": 211, "column": 29 } },
      "211": { "start": { "line": 212, "column": 0 }, "end": { "line": 212, "column": 33 } },
      "212": { "start": { "line": 213, "column": 0 }, "end": { "line": 213, "column": 1 } },
      "213": { "start": { "line": 214, "column": 0 }, "end": { "line": 214, "column": 40 } },
      "214": { "start": { "line": 215, "column": 0 }, "end": { "line": 215, "column": 38 } },
      "215": { "start": { "line": 216, "column": 0 }, "end": { "line": 216, "column": 34 } }
    },
    "s": {
      "0": 0,
      "20": 0,
      "21": 0,
      "22": 0,
      "23": 0,
      "24": 0,
      "25": 0,
      "26": 0,
      "27": 0,
      "28": 0,
      "29": 0,
      "30": 0,
      "31": 0,
      "32": 0,
      "33": 0,
      "34": 0,
      "35": 0,
      "36": 0,
      "37": 0,
      "38": 0,
      "39": 0,
      "40": 0,
      "41": 0,
      "42": 0,
      "43": 0,
      "44": 0,
      "45": 0,
      "46": 0,
      "47": 0,
      "48": 0,
      "49": 0,
      "50": 0,
      "51": 0,
      "52": 0,
      "53": 0,
      "54": 0,
      "55": 0,
      "56": 0,
      "57": 0,
      "58": 0,
      "59": 0,
      "187": 0,
      "188": 0,
      "189": 0,
      "190": 0,
      "192": 0,
      "193": 0,
      "199": 0,
      "200": 0,
      "201": 0,
      "203": 0,
      "204": 0,
      "206": 0,
      "207": 0,
      "208": 0,
      "209": 0,
      "210": 0,
      "211": 0,
      "212": 0,
      "213": 0,
      "214": 0,
      "215": 0
    },
    "branchMap": {
      "0": {
        "type": "branch",
        "line": 1,
        "loc": { "start": { "line": 1, "column": 7269 }, "end": { "line": 226, "column": 1 } },
        "locations": [
          { "start": { "line": 1, "column": 7269 }, "end": { "line": 226, "column": 1 } }
        ]
      }
    },
    "b": { "0": [0] },
    "fnMap": {
      "0": {
        "name": "(empty-report)",
        "decl": { "start": { "line": 1, "column": 7269 }, "end": { "line": 226, "column": 1 } },
        "loc": { "start": { "line": 1, "column": 7269 }, "end": { "line": 226, "column": 1 } },
        "line": 1
      }
    },
    "f": { "0": 0 }
  },
  "/workspaces/omnimind-ai/src/router.tsx": {
    "path": "/workspaces/omnimind-ai/src/router.tsx",
    "all": true,
    "statementMap": {
      "0": { "start": { "line": 1, "column": 0 }, "end": { "line": 1, "column": 52 } },
      "4": { "start": { "line": 5, "column": 0 }, "end": { "line": 5, "column": 32 } },
      "5": { "start": { "line": 6, "column": 0 }, "end": { "line": 6, "column": 40 } },
      "7": { "start": { "line": 8, "column": 0 }, "end": { "line": 8, "column": 31 } },
      "8": { "start": { "line": 9, "column": 0 }, "end": { "line": 9, "column": 14 } },
      "9": { "start": { "line": 10, "column": 0 }, "end": { "line": 10, "column": 29 } },
      "10": { "start": { "line": 11, "column": 0 }, "end": { "line": 11, "column": 28 } },
      "11": { "start": { "line": 12, "column": 0 }, "end": { "line": 12, "column": 31 } },
      "12": { "start": { "line": 13, "column": 0 }, "end": { "line": 13, "column": 5 } },
      "14": { "start": { "line": 15, "column": 0 }, "end": { "line": 15, "column": 16 } },
      "15": { "start": { "line": 16, "column": 0 }, "end": { "line": 16, "column": 2 } }
    },
    "s": {
      "0": 0,
      "4": 0,
      "5": 0,
      "7": 0,
      "8": 0,
      "9": 0,
      "10": 0,
      "11": 0,
      "12": 0,
      "14": 0,
      "15": 0
    },
    "branchMap": {
      "0": {
        "type": "branch",
        "line": 1,
        "loc": { "start": { "line": 1, "column": 0 }, "end": { "line": 16, "column": -182 } },
        "locations": [
          { "start": { "line": 1, "column": 0 }, "end": { "line": 16, "column": -182 } }
        ]
      }
    },
    "b": { "0": [0] },
    "fnMap": {
      "0": {
        "name": "(empty-report)",
        "decl": { "start": { "line": 1, "column": 0 }, "end": { "line": 16, "column": -182 } },
        "loc": { "start": { "line": 1, "column": 0 }, "end": { "line": 16, "column": -182 } },
        "line": 1
      }
    },
    "f": { "0": 0 }
  },
  "/workspaces/omnimind-ai/src/server.ts": {
    "path": "/workspaces/omnimind-ai/src/server.ts",
    "all": true,
    "statementMap": {
      "0": { "start": { "line": 1, "column": 0 }, "end": { "line": 1, "column": 29 } },
      "2": { "start": { "line": 3, "column": 0 }, "end": { "line": 3, "column": 63 } },
      "3": { "start": { "line": 4, "column": 0 }, "end": { "line": 4, "column": 51 } },
      "9": { "start": { "line": 10, "column": 0 }, "end": { "line": 10, "column": 57 } },
      "11": { "start": { "line": 12, "column": 0 }, "end": { "line": 12, "column": 55 } },
      "12": { "start": { "line": 13, "column": 0 }, "end": { "line": 13, "column": 28 } },
      "13": { "start": { "line": 14, "column": 0 }, "end": { "line": 14, "column": 75 } },
      "14": { "start": { "line": 15, "column": 0 }, "end": { "line": 15, "column": 45 } },
      "15": { "start": { "line": 16, "column": 0 }, "end": { "line": 16, "column": 6 } },
      "16": { "start": { "line": 17, "column": 0 }, "end": { "line": 17, "column": 3 } },
      "17": { "start": { "line": 18, "column": 0 }, "end": { "line": 18, "column": 28 } },
      "18": { "start": { "line": 19, "column": 0 }, "end": { "line": 19, "column": 1 } },
      "22": { "start": { "line": 23, "column": 0 }, "end": { "line": 23, "column": 88 } },
      "23": { "start": { "line": 24, "column": 0 }, "end": { "line": 24, "column": 45 } },
      "24": { "start": { "line": 25, "column": 0 }, "end": { "line": 25, "column": 65 } },
      "25": { "start": { "line": 26, "column": 0 }, "end": { "line": 26, "column": 65 } },
      "27": { "start": { "line": 28, "column": 0 }, "end": { "line": 28, "column": 45 } },
      "28": { "start": { "line": 29, "column": 0 }, "end": { "line": 29, "column": 86 } },
      "29": { "start": { "line": 30, "column": 0 }, "end": { "line": 30, "column": 20 } },
      "30": { "start": { "line": 31, "column": 0 }, "end": { "line": 31, "column": 3 } },
      "32": { "start": { "line": 33, "column": 0 }, "end": { "line": 33, "column": 92 } },
      "33": { "start": { "line": 34, "column": 0 }, "end": { "line": 34, "column": 42 } },
      "34": { "start": { "line": 35, "column": 0 }, "end": { "line": 35, "column": 16 } },
      "35": { "start": { "line": 36, "column": 0 }, "end": { "line": 36, "column": 60 } },
      "36": { "start": { "line": 37, "column": 0 }, "end": { "line": 37, "column": 5 } },
      "37": { "start": { "line": 38, "column": 0 }, "end": { "line": 38, "column": 1 } },
      "39": { "start": { "line": 40, "column": 0 }, "end": { "line": 40, "column": 16 } },
      "40": { "start": { "line": 41, "column": 0 }, "end": { "line": 41, "column": 61 } },
      "41": { "start": { "line": 42, "column": 0 }, "end": { "line": 42, "column": 9 } },
      "42": { "start": { "line": 43, "column": 0 }, "end": { "line": 43, "column": 45 } },
      "43": { "start": { "line": 44, "column": 0 }, "end": { "line": 44, "column": 62 } },
      "44": { "start": { "line": 45, "column": 0 }, "end": { "line": 45, "column": 62 } },
      "45": { "start": { "line": 46, "column": 0 }, "end": { "line": 46, "column": 21 } },
      "46": { "start": { "line": 47, "column": 0 }, "end": { "line": 47, "column": 27 } },
      "47": { "start": { "line": 48, "column": 0 }, "end": { "line": 48, "column": 46 } },
      "48": { "start": { "line": 49, "column": 0 }, "end": { "line": 49, "column": 20 } },
      "49": { "start": { "line": 50, "column": 0 }, "end": { "line": 50, "column": 64 } },
      "50": { "start": { "line": 51, "column": 0 }, "end": { "line": 51, "column": 9 } },
      "51": { "start": { "line": 52, "column": 0 }, "end": { "line": 52, "column": 5 } },
      "52": { "start": { "line": 53, "column": 0 }, "end": { "line": 53, "column": 4 } },
      "53": { "start": { "line": 54, "column": 0 }, "end": { "line": 54, "column": 2 } }
    },
    "s": {
      "0": 0,
      "2": 0,
      "3": 0,
      "9": 0,
      "11": 0,
      "12": 0,
      "13": 0,
      "14": 0,
      "15": 0,
      "16": 0,
      "17": 0,
      "18": 0,
      "22": 0,
      "23": 0,
      "24": 0,
      "25": 0,
      "27": 0,
      "28": 0,
      "29": 0,
      "30": 0,
      "32": 0,
      "33": 0,
      "34": 0,
      "35": 0,
      "36": 0,
      "37": 0,
      "39": 0,
      "40": 0,
      "41": 0,
      "42": 0,
      "43": 0,
      "44": 0,
      "45": 0,
      "46": 0,
      "47": 0,
      "48": 0,
      "49": 0,
      "50": 0,
      "51": 0,
      "52": 0,
      "53": 0
    },
    "branchMap": {
      "0": {
        "type": "branch",
        "line": 1,
        "loc": { "start": { "line": 1, "column": 1843 }, "end": { "line": 54, "column": 2 } },
        "locations": [
          { "start": { "line": 1, "column": 1843 }, "end": { "line": 54, "column": 2 } }
        ]
      }
    },
    "b": { "0": [0] },
    "fnMap": {
      "0": {
        "name": "(empty-report)",
        "decl": { "start": { "line": 1, "column": 1843 }, "end": { "line": 54, "column": 2 } },
        "loc": { "start": { "line": 1, "column": 1843 }, "end": { "line": 54, "column": 2 } },
        "line": 1
      }
    },
    "f": { "0": 0 }
  },
  "/workspaces/omnimind-ai/src/start.ts": {
    "path": "/workspaces/omnimind-ai/src/start.ts",
    "all": true,
    "statementMap": {
      "0": { "start": { "line": 1, "column": 0 }, "end": { "line": 1, "column": 70 } },
      "5": { "start": { "line": 6, "column": 0 }, "end": { "line": 6, "column": 71 } },
      "6": { "start": { "line": 7, "column": 0 }, "end": { "line": 7, "column": 7 } },
      "7": { "start": { "line": 8, "column": 0 }, "end": { "line": 8, "column": 24 } },
      "8": { "start": { "line": 9, "column": 0 }, "end": { "line": 9, "column": 19 } },
      "9": { "start": { "line": 10, "column": 0 }, "end": { "line": 10, "column": 78 } },
      "10": { "start": { "line": 11, "column": 0 }, "end": { "line": 11, "column": 18 } },
      "11": { "start": { "line": 12, "column": 0 }, "end": { "line": 12, "column": 5 } },
      "12": { "start": { "line": 13, "column": 0 }, "end": { "line": 13, "column": 25 } },
      "13": { "start": { "line": 14, "column": 0 }, "end": { "line": 14, "column": 44 } },
      "14": { "start": { "line": 15, "column": 0 }, "end": { "line": 15, "column": 18 } },
      "15": { "start": { "line": 16, "column": 0 }, "end": { "line": 16, "column": 62 } },
      "16": { "start": { "line": 17, "column": 0 }, "end": { "line": 17, "column": 7 } },
      "17": { "start": { "line": 18, "column": 0 }, "end": { "line": 18, "column": 3 } },
      "18": { "start": { "line": 19, "column": 0 }, "end": { "line": 19, "column": 3 } },
      "20": { "start": { "line": 21, "column": 0 }, "end": { "line": 21, "column": 49 } },
      "21": { "start": { "line": 22, "column": 0 }, "end": { "line": 22, "column": 43 } },
      "22": { "start": { "line": 23, "column": 0 }, "end": { "line": 23, "column": 39 } },
      "23": { "start": { "line": 24, "column": 0 }, "end": { "line": 24, "column": 4 } }
    },
    "s": {
      "0": 0,
      "5": 0,
      "6": 0,
      "7": 0,
      "8": 0,
      "9": 0,
      "10": 0,
      "11": 0,
      "12": 0,
      "13": 0,
      "14": 0,
      "15": 0,
      "16": 0,
      "17": 0,
      "18": 0,
      "20": 0,
      "21": 0,
      "22": 0,
      "23": 0
    },
    "branchMap": {
      "0": {
        "type": "branch",
        "line": 1,
        "loc": { "start": { "line": 1, "column": 0 }, "end": { "line": 24, "column": -238 } },
        "locations": [
          { "start": { "line": 1, "column": 0 }, "end": { "line": 24, "column": -238 } }
        ]
      }
    },
    "b": { "0": [0] },
    "fnMap": {
      "0": {
        "name": "(empty-report)",
        "decl": { "start": { "line": 1, "column": 0 }, "end": { "line": 24, "column": -238 } },
        "loc": { "start": { "line": 1, "column": 0 }, "end": { "line": 24, "column": -238 } },
        "line": 1
      }
    },
    "f": { "0": 0 }
  },
  "/workspaces/omnimind-ai/src/components/chat/ChatWindow.tsx": {
    "path": "/workspaces/omnimind-ai/src/components/chat/ChatWindow.tsx",
    "all": true,
    "statementMap": {
      "0": { "start": { "line": 1, "column": 0 }, "end": { "line": 1, "column": 40 } },
      "19": { "start": { "line": 20, "column": 0 }, "end": { "line": 20, "column": 84 } },
      "20": { "start": { "line": 21, "column": 0 }, "end": { "line": 21, "column": 59 } },
      "21": { "start": { "line": 22, "column": 0 }, "end": { "line": 22, "column": 41 } },
      "22": { "start": { "line": 23, "column": 0 }, "end": { "line": 23, "column": 49 } },
      "23": { "start": { "line": 24, "column": 0 }, "end": { "line": 24, "column": 50 } },
      "24": { "start": { "line": 25, "column": 0 }, "end": { "line": 25, "column": 44 } },
      "25": { "start": { "line": 26, "column": 0 }, "end": { "line": 26, "column": 48 } },
      "27": { "start": { "line": 28, "column": 0 }, "end": { "line": 28, "column": 72 } },
      "28": { "start": { "line": 29, "column": 0 }, "end": { "line": 29, "column": 17 } },
      "29": { "start": { "line": 30, "column": 0 }, "end": { "line": 30, "column": 36 } },
      "30": { "start": { "line": 31, "column": 0 }, "end": { "line": 31, "column": 41 } },
      "31": { "start": { "line": 32, "column": 0 }, "end": { "line": 32, "column": 23 } },
      "32": { "start": { "line": 33, "column": 0 }, "end": { "line": 33, "column": 44 } },
      "33": { "start": { "line": 34, "column": 0 }, "end": { "line": 34, "column": 7 } },
      "34": { "start": { "line": 35, "column": 0 }, "end": { "line": 35, "column": 43 } },
      "35": { "start": { "line": 36, "column": 0 }, "end": { "line": 36, "column": 54 } },
      "36": { "start": { "line": 37, "column": 0 }, "end": { "line": 37, "column": 11 } },
      "37": { "start": { "line": 38, "column": 0 }, "end": { "line": 38, "column": 23 } },
      "38": { "start": { "line": 39, "column": 0 }, "end": { "line": 39, "column": 17 } },
      "39": { "start": { "line": 40, "column": 0 }, "end": { "line": 40, "column": 21 } },
      "40": { "start": { "line": 41, "column": 0 }, "end": { "line": 41, "column": 49 } },
      "41": { "start": { "line": 42, "column": 0 }, "end": { "line": 42, "column": 62 } },
      "42": { "start": { "line": 43, "column": 0 }, "end": { "line": 43, "column": 53 } },
      "43": { "start": { "line": 44, "column": 0 }, "end": { "line": 44, "column": 16 } },
      "44": { "start": { "line": 45, "column": 0 }, "end": { "line": 45, "column": 12 } },
      "45": { "start": { "line": 46, "column": 0 }, "end": { "line": 46, "column": 11 } },
      "46": { "start": { "line": 47, "column": 0 }, "end": { "line": 47, "column": 19 } },
      "47": { "start": { "line": 48, "column": 0 }, "end": { "line": 48, "column": 43 } },
      "48": { "start": { "line": 49, "column": 0 }, "end": { "line": 49, "column": 7 } },
      "49": { "start": { "line": 50, "column": 0 }, "end": { "line": 50, "column": 6 } },
      "50": { "start": { "line": 51, "column": 0 }, "end": { "line": 51, "column": 5 } },
      "53": { "start": { "line": 54, "column": 0 }, "end": { "line": 54, "column": 19 } },
      "54": { "start": { "line": 55, "column": 0 }, "end": { "line": 55, "column": 33 } },
      "55": { "start": { "line": 56, "column": 0 }, "end": { "line": 56, "column": 31 } },
      "57": { "start": { "line": 58, "column": 0 }, "end": { "line": 58, "column": 17 } },
      "60": { "start": { "line": 61, "column": 0 }, "end": { "line": 61, "column": 19 } },
      "61": { "start": { "line": 62, "column": 0 }, "end": { "line": 62, "column": 93 } },
      "62": { "start": { "line": 63, "column": 0 }, "end": { "line": 63, "column": 25 } },
      "65": { "start": { "line": 66, "column": 0 }, "end": { "line": 66, "column": 19 } },
      "66": { "start": { "line": 67, "column": 0 }, "end": { "line": 67, "column": 51 } },
      "67": { "start": { "line": 68, "column": 0 }, "end": { "line": 68, "column": 25 } },
      "69": { "start": { "line": 70, "column": 0 }, "end": { "line": 70, "column": 51 } },
      "70": { "start": { "line": 71, "column": 0 }, "end": { "line": 71, "column": 24 } },
      "71": { "start": { "line": 72, "column": 0 }, "end": { "line": 72, "column": 30 } },
      "72": { "start": { "line": 73, "column": 0 }, "end": { "line": 73, "column": 74 } },
      "73": { "start": { "line": 74, "column": 0 }, "end": { "line": 74, "column": 17 } },
      "74": { "start": { "line": 75, "column": 0 }, "end": { "line": 75, "column": 32 } },
      "75": { "start": { "line": 76, "column": 0 }, "end": { "line": 76, "column": 4 } },
      "77": { "start": { "line": 78, "column": 0 }, "end": { "line": 78, "column": 45 } },
      "78": { "start": { "line": 79, "column": 0 }, "end": { "line": 79, "column": 16 } },
      "79": { "start": { "line": 80, "column": 0 }, "end": { "line": 80, "column": 9 } },
      "80": { "start": { "line": 81, "column": 0 }, "end": { "line": 81, "column": 62 } },
      "81": { "start": { "line": 82, "column": 0 }, "end": { "line": 82, "column": 13 } },
      "83": { "start": { "line": 84, "column": 0 }, "end": { "line": 84, "column": 5 } },
      "84": { "start": { "line": 85, "column": 0 }, "end": { "line": 85, "column": 4 } },
      "86": { "start": { "line": 87, "column": 0 }, "end": { "line": 87, "column": 69 } },
      "88": { "start": { "line": 89, "column": 0 }, "end": { "line": 89, "column": 10 } },
      "89": { "start": { "line": 90, "column": 0 }, "end": { "line": 90, "column": 49 } },
      "90": { "start": { "line": 91, "column": 0 }, "end": { "line": 91, "column": 93 } },
      "91": { "start": { "line": 92, "column": 0 }, "end": { "line": 92, "column": 49 } },
      "92": { "start": { "line": 93, "column": 0 }, "end": { "line": 93, "column": 87 } },
      "93": { "start": { "line": 94, "column": 0 }, "end": { "line": 94, "column": 58 } },
      "94": { "start": { "line": 95, "column": 0 }, "end": { "line": 95, "column": 16 } },
      "95": { "start": { "line": 96, "column": 0 }, "end": { "line": 96, "column": 15 } },
      "96": { "start": { "line": 97, "column": 0 }, "end": { "line": 97, "column": 53 } },
      "97": { "start": { "line": 98, "column": 0 }, "end": { "line": 98, "column": 79 } },
      "98": { "start": { "line": 99, "column": 0 }, "end": { "line": 99, "column": 16 } },
      "99": { "start": { "line": 100, "column": 0 }, "end": { "line": 100, "column": 14 } },
      "100": { "start": { "line": 101, "column": 0 }, "end": { "line": 101, "column": 86 } },
      "101": { "start": { "line": 102, "column": 0 }, "end": { "line": 102, "column": 94 } },
      "102": { "start": { "line": 103, "column": 0 }, "end": { "line": 103, "column": 101 } },
      "103": { "start": { "line": 104, "column": 0 }, "end": { "line": 104, "column": 70 } },
      "104": { "start": { "line": 105, "column": 0 }, "end": { "line": 105, "column": 16 } },
      "105": { "start": { "line": 106, "column": 0 }, "end": { "line": 106, "column": 15 } },
      "107": { "start": { "line": 108, "column": 0 }, "end": { "line": 108, "column": 62 } },
      "108": { "start": { "line": 109, "column": 0 }, "end": { "line": 109, "column": 63 } },
      "109": { "start": { "line": 110, "column": 0 }, "end": { "line": 110, "column": 37 } },
      "110": { "start": { "line": 111, "column": 0 }, "end": { "line": 111, "column": 47 } },
      "111": { "start": { "line": 112, "column": 0 }, "end": { "line": 112, "column": 101 } },
      "112": { "start": { "line": 113, "column": 0 }, "end": { "line": 113, "column": 60 } },
      "113": { "start": { "line": 114, "column": 0 }, "end": { "line": 114, "column": 20 } },
      "114": { "start": { "line": 115, "column": 0 }, "end": { "line": 115, "column": 73 } },
      "116": { "start": { "line": 117, "column": 0 }, "end": { "line": 117, "column": 19 } },
      "117": { "start": { "line": 118, "column": 0 }, "end": { "line": 118, "column": 56 } },
      "118": { "start": { "line": 119, "column": 0 }, "end": { "line": 119, "column": 174 } },
      "119": { "start": { "line": 120, "column": 0 }, "end": { "line": 120, "column": 18 } },
      "120": { "start": { "line": 121, "column": 0 }, "end": { "line": 121, "column": 72 } },
      "121": { "start": { "line": 122, "column": 0 }, "end": { "line": 122, "column": 18 } },
      "122": { "start": { "line": 123, "column": 0 }, "end": { "line": 123, "column": 75 } },
      "123": { "start": { "line": 124, "column": 0 }, "end": { "line": 124, "column": 74 } },
      "124": { "start": { "line": 125, "column": 0 }, "end": { "line": 125, "column": 68 } },
      "125": { "start": { "line": 126, "column": 0 }, "end": { "line": 126, "column": 69 } },
      "126": { "start": { "line": 127, "column": 0 }, "end": { "line": 127, "column": 30 } },
      "127": { "start": { "line": 128, "column": 0 }, "end": { "line": 128, "column": 25 } },
      "128": { "start": { "line": 129, "column": 0 }, "end": { "line": 129, "column": 27 } },
      "129": { "start": { "line": 130, "column": 0 }, "end": { "line": 130, "column": 76 } },
      "130": { "start": { "line": 131, "column": 0 }, "end": { "line": 131, "column": 142 } },
      "132": { "start": { "line": 133, "column": 0 }, "end": { "line": 133, "column": 23 } },
      "133": { "start": { "line": 134, "column": 0 }, "end": { "line": 134, "column": 27 } },
      "134": { "start": { "line": 135, "column": 0 }, "end": { "line": 135, "column": 19 } },
      "135": { "start": { "line": 136, "column": 0 }, "end": { "line": 136, "column": 20 } },
      "136": { "start": { "line": 137, "column": 0 }, "end": { "line": 137, "column": 18 } },
      "139": { "start": { "line": 140, "column": 0 }, "end": { "line": 140, "column": 32 } },
      "140": { "start": { "line": 141, "column": 0 }, "end": { "line": 141, "column": 50 } },
      "141": { "start": { "line": 142, "column": 0 }, "end": { "line": 142, "column": 13 } },
      "143": { "start": { "line": 144, "column": 0 }, "end": { "line": 144, "column": 38 } },
      "144": { "start": { "line": 145, "column": 0 }, "end": { "line": 145, "column": 52 } },
      "145": { "start": { "line": 146, "column": 0 }, "end": { "line": 146, "column": 41 } },
      "146": { "start": { "line": 147, "column": 0 }, "end": { "line": 147, "column": 90 } },
      "147": { "start": { "line": 148, "column": 0 }, "end": { "line": 148, "column": 58 } },
      "148": { "start": { "line": 149, "column": 0 }, "end": { "line": 149, "column": 20 } },
      "149": { "start": { "line": 150, "column": 0 }, "end": { "line": 150, "column": 18 } },
      "151": { "start": { "line": 152, "column": 0 }, "end": { "line": 152, "column": 14 } },
      "152": { "start": { "line": 153, "column": 0 }, "end": { "line": 153, "column": 12 } },
      "154": { "start": { "line": 155, "column": 0 }, "end": { "line": 155, "column": 46 } },
      "155": { "start": { "line": 156, "column": 0 }, "end": { "line": 156, "column": 68 } },
      "156": { "start": { "line": 157, "column": 0 }, "end": { "line": 157, "column": 117 } },
      "157": { "start": { "line": 158, "column": 0 }, "end": { "line": 158, "column": 21 } },
      "158": { "start": { "line": 159, "column": 0 }, "end": { "line": 159, "column": 25 } },
      "159": { "start": { "line": 160, "column": 0 }, "end": { "line": 160, "column": 27 } },
      "160": { "start": { "line": 161, "column": 0 }, "end": { "line": 161, "column": 56 } },
      "161": { "start": { "line": 162, "column": 0 }, "end": { "line": 162, "column": 33 } },
      "162": { "start": { "line": 163, "column": 0 }, "end": { "line": 163, "column": 89 } },
      "163": { "start": { "line": 164, "column": 0 }, "end": { "line": 164, "column": 16 } },
      "164": { "start": { "line": 165, "column": 0 }, "end": { "line": 165, "column": 97 } },
      "165": { "start": { "line": 166, "column": 0 }, "end": { "line": 166, "column": 22 } },
      "166": { "start": { "line": 167, "column": 0 }, "end": { "line": 167, "column": 137 } },
      "167": { "start": { "line": 168, "column": 0 }, "end": { "line": 168, "column": 14 } },
      "168": { "start": { "line": 169, "column": 0 }, "end": { "line": 169, "column": 55 } },
      "169": { "start": { "line": 170, "column": 0 }, "end": { "line": 170, "column": 28 } },
      "170": { "start": { "line": 171, "column": 0 }, "end": { "line": 171, "column": 93 } },
      "171": { "start": { "line": 172, "column": 0 }, "end": { "line": 172, "column": 47 } },
      "172": { "start": { "line": 173, "column": 0 }, "end": { "line": 173, "column": 25 } },
      "174": { "start": { "line": 175, "column": 0 }, "end": { "line": 175, "column": 131 } },
      "175": { "start": { "line": 176, "column": 0 }, "end": { "line": 176, "column": 45 } },
      "176": { "start": { "line": 177, "column": 0 }, "end": { "line": 177, "column": 25 } },
      "178": { "start": { "line": 179, "column": 0 }, "end": { "line": 179, "column": 18 } },
      "179": { "start": { "line": 180, "column": 0 }, "end": { "line": 180, "column": 16 } },
      "180": { "start": { "line": 181, "column": 0 }, "end": { "line": 181, "column": 76 } },
      "182": { "start": { "line": 183, "column": 0 }, "end": { "line": 183, "column": 14 } },
      "183": { "start": { "line": 184, "column": 0 }, "end": { "line": 184, "column": 15 } },
      "184": { "start": { "line": 185, "column": 0 }, "end": { "line": 185, "column": 12 } },
      "185": { "start": { "line": 186, "column": 0 }, "end": { "line": 186, "column": 10 } },
      "187": { "start": { "line": 188, "column": 0 }, "end": { "line": 188, "column": 1 } },
      "189": { "start": { "line": 190, "column": 0 }, "end": { "line": 190, "column": 70 } },
      "190": { "start": { "line": 191, "column": 0 }, "end": { "line": 191, "column": 24 } },
      "191": { "start": { "line": 192, "column": 0 }, "end": { "line": 192, "column": 12 } },
      "192": { "start": { "line": 193, "column": 0 }, "end": { "line": 193, "column": 98 } },
      "193": { "start": { "line": 194, "column": 0 }, "end": { "line": 194, "column": 52 } },
      "194": { "start": { "line": 195, "column": 0 }, "end": { "line": 195, "column": 12 } },
      "196": { "start": { "line": 197, "column": 0 }, "end": { "line": 197, "column": 3 } },
      "197": { "start": { "line": 198, "column": 0 }, "end": { "line": 198, "column": 10 } },
      "198": { "start": { "line": 199, "column": 0 }, "end": { "line": 199, "column": 92 } },
      "199": { "start": { "line": 200, "column": 0 }, "end": { "line": 200, "column": 45 } },
      "200": { "start": { "line": 201, "column": 0 }, "end": { "line": 201, "column": 10 } },
      "202": { "start": { "line": 203, "column": 0 }, "end": { "line": 203, "column": 1 } },
      "213": { "start": { "line": 214, "column": 0 }, "end": { "line": 214, "column": 59 } },
      "214": { "start": { "line": 215, "column": 0 }, "end": { "line": 215, "column": 41 } },
      "215": { "start": { "line": 216, "column": 0 }, "end": { "line": 216, "column": 54 } },
      "217": { "start": { "line": 218, "column": 0 }, "end": { "line": 218, "column": 10 } },
      "218": { "start": { "line": 219, "column": 0 }, "end": { "line": 219, "column": 44 } },
      "219": { "start": { "line": 220, "column": 0 }, "end": { "line": 220, "column": 71 } },
      "220": { "start": { "line": 221, "column": 0 }, "end": { "line": 221, "column": 43 } },
      "221": { "start": { "line": 222, "column": 0 }, "end": { "line": 222, "column": 72 } },
      "222": { "start": { "line": 223, "column": 0 }, "end": { "line": 223, "column": 35 } },
      "223": { "start": { "line": 224, "column": 0 }, "end": { "line": 224, "column": 14 } },
      "224": { "start": { "line": 225, "column": 0 }, "end": { "line": 225, "column": 30 } },
      "225": { "start": { "line": 226, "column": 0 }, "end": { "line": 226, "column": 34 } },
      "226": { "start": { "line": 227, "column": 0 }, "end": { "line": 227, "column": 29 } },
      "227": { "start": { "line": 228, "column": 0 }, "end": { "line": 228, "column": 129 } },
      "228": { "start": { "line": 229, "column": 0 }, "end": { "line": 229, "column": 24 } },
      "229": { "start": { "line": 230, "column": 0 }, "end": { "line": 230, "column": 20 } },
      "231": { "start": { "line": 232, "column": 0 }, "end": { "line": 232, "column": 57 } },
      "233": { "start": { "line": 234, "column": 0 }, "end": { "line": 234, "column": 11 } },
      "234": { "start": { "line": 235, "column": 0 }, "end": { "line": 235, "column": 44 } },
      "235": { "start": { "line": 236, "column": 0 }, "end": { "line": 236, "column": 54 } },
      "236": { "start": { "line": 237, "column": 0 }, "end": { "line": 237, "column": 108 } },
      "237": { "start": { "line": 238, "column": 0 }, "end": { "line": 238, "column": 11 } },
      "238": { "start": { "line": 239, "column": 0 }, "end": { "line": 239, "column": 49 } },
      "239": { "start": { "line": 240, "column": 0 }, "end": { "line": 240, "column": 20 } },
      "240": { "start": { "line": 241, "column": 0 }, "end": { "line": 241, "column": 78 } },
      "241": { "start": { "line": 242, "column": 0 }, "end": { "line": 242, "column": 71 } },
      "242": { "start": { "line": 243, "column": 0 }, "end": { "line": 243, "column": 72 } },
      "243": { "start": { "line": 244, "column": 0 }, "end": { "line": 244, "column": 24 } },
      "245": { "start": { "line": 246, "column": 0 }, "end": { "line": 246, "column": 11 } },
      "246": { "start": { "line": 247, "column": 0 }, "end": { "line": 247, "column": 22 } },
      "247": { "start": { "line": 248, "column": 0 }, "end": { "line": 248, "column": 11 } },
      "248": { "start": { "line": 249, "column": 0 }, "end": { "line": 249, "column": 12 } },
      "249": { "start": { "line": 250, "column": 0 }, "end": { "line": 250, "column": 10 } },
      "251": { "start": { "line": 252, "column": 0 }, "end": { "line": 252, "column": 1 } }
    },
    "s": {
      "0": 0,
      "19": 0,
      "20": 0,
      "21": 0,
      "22": 0,
      "23": 0,
      "24": 0,
      "25": 0,
      "27": 0,
      "28": 0,
      "29": 0,
      "30": 0,
      "31": 0,
      "32": 0,
      "33": 0,
      "34": 0,
      "35": 0,
      "36": 0,
      "37": 0,
      "38": 0,
      "39": 0,
      "40": 0,
      "41": 0,
      "42": 0,
      "43": 0,
      "44": 0,
      "45": 0,
      "46": 0,
      "47": 0,
      "48": 0,
      "49": 0,
      "50": 0,
      "53": 0,
      "54": 0,
      "55": 0,
      "57": 0,
      "60": 0,
      "61": 0,
      "62": 0,
      "65": 0,
      "66": 0,
      "67": 0,
      "69": 0,
      "70": 0,
      "71": 0,
      "72": 0,
      "73": 0,
      "74": 0,
      "75": 0,
      "77": 0,
      "78": 0,
      "79": 0,
      "80": 0,
      "81": 0,
      "83": 0,
      "84": 0,
      "86": 0,
      "88": 0,
      "89": 0,
      "90": 0,
      "91": 0,
      "92": 0,
      "93": 0,
      "94": 0,
      "95": 0,
      "96": 0,
      "97": 0,
      "98": 0,
      "99": 0,
      "100": 0,
      "101": 0,
      "102": 0,
      "103": 0,
      "104": 0,
      "105": 0,
      "107": 0,
      "108": 0,
      "109": 0,
      "110": 0,
      "111": 0,
      "112": 0,
      "113": 0,
      "114": 0,
      "116": 0,
      "117": 0,
      "118": 0,
      "119": 0,
      "120": 0,
      "121": 0,
      "122": 0,
      "123": 0,
      "124": 0,
      "125": 0,
      "126": 0,
      "127": 0,
      "128": 0,
      "129": 0,
      "130": 0,
      "132": 0,
      "133": 0,
      "134": 0,
      "135": 0,
      "136": 0,
      "139": 0,
      "140": 0,
      "141": 0,
      "143": 0,
      "144": 0,
      "145": 0,
      "146": 0,
      "147": 0,
      "148": 0,
      "149": 0,
      "151": 0,
      "152": 0,
      "154": 0,
      "155": 0,
      "156": 0,
      "157": 0,
      "158": 0,
      "159": 0,
      "160": 0,
      "161": 0,
      "162": 0,
      "163": 0,
      "164": 0,
      "165": 0,
      "166": 0,
      "167": 0,
      "168": 0,
      "169": 0,
      "170": 0,
      "171": 0,
      "172": 0,
      "174": 0,
      "175": 0,
      "176": 0,
      "178": 0,
      "179": 0,
      "180": 0,
      "182": 0,
      "183": 0,
      "184": 0,
      "185": 0,
      "187": 0,
      "189": 0,
      "190": 0,
      "191": 0,
      "192": 0,
      "193": 0,
      "194": 0,
      "196": 0,
      "197": 0,
      "198": 0,
      "199": 0,
      "200": 0,
      "202": 0,
      "213": 0,
      "214": 0,
      "215": 0,
      "217": 0,
      "218": 0,
      "219": 0,
      "220": 0,
      "221": 0,
      "222": 0,
      "223": 0,
      "224": 0,
      "225": 0,
      "226": 0,
      "227": 0,
      "228": 0,
      "229": 0,
      "231": 0,
      "233": 0,
      "234": 0,
      "235": 0,
      "236": 0,
      "237": 0,
      "238": 0,
      "239": 0,
      "240": 0,
      "241": 0,
      "242": 0,
      "243": 0,
      "245": 0,
      "246": 0,
      "247": 0,
      "248": 0,
      "249": 0,
      "251": 0
    },
    "branchMap": {
      "0": {
        "type": "branch",
        "line": 1,
        "loc": { "start": { "line": 1, "column": 0 }, "end": { "line": 252, "column": -4373 } },
        "locations": [
          { "start": { "line": 1, "column": 0 }, "end": { "line": 252, "column": -4373 } }
        ]
      }
    },
    "b": { "0": [0] },
    "fnMap": {
      "0": {
        "name": "(empty-report)",
        "decl": { "start": { "line": 1, "column": 0 }, "end": { "line": 252, "column": -4373 } },
        "loc": { "start": { "line": 1, "column": 0 }, "end": { "line": 252, "column": -4373 } },
        "line": 1
      }
    },
    "f": { "0": 0 }
  },
  "/workspaces/omnimind-ai/src/components/chat/Markdown.tsx": {
    "path": "/workspaces/omnimind-ai/src/components/chat/Markdown.tsx",
    "all": true,
    "statementMap": {
      "0": { "start": { "line": 1, "column": 0 }, "end": { "line": 1, "column": 43 } },
      "7": { "start": { "line": 8, "column": 0 }, "end": { "line": 8, "column": 78 } },
      "8": { "start": { "line": 9, "column": 0 }, "end": { "line": 9, "column": 46 } },
      "9": { "start": { "line": 10, "column": 0 }, "end": { "line": 10, "column": 10 } },
      "10": { "start": { "line": 11, "column": 0 }, "end": { "line": 11, "column": 73 } },
      "11": { "start": { "line": 12, "column": 0 }, "end": { "line": 12, "column": 103 } },
      "12": { "start": { "line": 13, "column": 0 }, "end": { "line": 13, "column": 63 } },
      "13": { "start": { "line": 14, "column": 0 }, "end": { "line": 14, "column": 15 } },
      "14": { "start": { "line": 15, "column": 0 }, "end": { "line": 15, "column": 26 } },
      "15": { "start": { "line": 16, "column": 0 }, "end": { "line": 16, "column": 49 } },
      "16": { "start": { "line": 17, "column": 0 }, "end": { "line": 17, "column": 28 } },
      "17": { "start": { "line": 18, "column": 0 }, "end": { "line": 18, "column": 53 } },
      "18": { "start": { "line": 19, "column": 0 }, "end": { "line": 19, "column": 12 } },
      "19": { "start": { "line": 20, "column": 0 }, "end": { "line": 20, "column": 73 } },
      "21": { "start": { "line": 22, "column": 0 }, "end": { "line": 22, "column": 79 } },
      "22": { "start": { "line": 23, "column": 0 }, "end": { "line": 23, "column": 38 } },
      "23": { "start": { "line": 24, "column": 0 }, "end": { "line": 24, "column": 17 } },
      "24": { "start": { "line": 25, "column": 0 }, "end": { "line": 25, "column": 12 } },
      "25": { "start": { "line": 26, "column": 0 }, "end": { "line": 26, "column": 24 } },
      "26": { "start": { "line": 27, "column": 0 }, "end": { "line": 27, "column": 37 } },
      "27": { "start": { "line": 28, "column": 0 }, "end": { "line": 28, "column": 23 } },
      "28": { "start": { "line": 29, "column": 0 }, "end": { "line": 29, "column": 100 } },
      "29": { "start": { "line": 30, "column": 0 }, "end": { "line": 30, "column": 21 } },
      "31": { "start": { "line": 32, "column": 0 }, "end": { "line": 32, "column": 34 } },
      "32": { "start": { "line": 33, "column": 0 }, "end": { "line": 33, "column": 26 } },
      "33": { "start": { "line": 34, "column": 0 }, "end": { "line": 34, "column": 10 } },
      "35": { "start": { "line": 36, "column": 0 }, "end": { "line": 36, "column": 1 } },
      "37": { "start": { "line": 38, "column": 0 }, "end": { "line": 38, "column": 60 } },
      "38": { "start": { "line": 39, "column": 0 }, "end": { "line": 39, "column": 10 } },
      "39": { "start": { "line": 40, "column": 0 }, "end": { "line": 40, "column": 32 } },
      "40": { "start": { "line": 41, "column": 0 }, "end": { "line": 41, "column": 20 } },
      "41": { "start": { "line": 42, "column": 0 }, "end": { "line": 42, "column": 35 } },
      "42": { "start": { "line": 43, "column": 0 }, "end": { "line": 43, "column": 21 } },
      "43": { "start": { "line": 44, "column": 0 }, "end": { "line": 44, "column": 129 } },
      "44": { "start": { "line": 45, "column": 0 }, "end": { "line": 45, "column": 65 } },
      "45": { "start": { "line": 46, "column": 0 }, "end": { "line": 46, "column": 49 } },
      "46": { "start": { "line": 47, "column": 0 }, "end": { "line": 47, "column": 61 } },
      "47": { "start": { "line": 48, "column": 0 }, "end": { "line": 48, "column": 77 } },
      "48": { "start": { "line": 49, "column": 0 }, "end": { "line": 49, "column": 13 } },
      "49": { "start": { "line": 50, "column": 0 }, "end": { "line": 50, "column": 20 } },
      "50": { "start": { "line": 51, "column": 0 }, "end": { "line": 51, "column": 53 } },
      "51": { "start": { "line": 52, "column": 0 }, "end": { "line": 52, "column": 26 } },
      "52": { "start": { "line": 53, "column": 0 }, "end": { "line": 53, "column": 21 } },
      "54": { "start": { "line": 55, "column": 0 }, "end": { "line": 55, "column": 12 } },
      "55": { "start": { "line": 56, "column": 0 }, "end": { "line": 56, "column": 33 } },
      "56": { "start": { "line": 57, "column": 0 }, "end": { "line": 57, "column": 20 } },
      "57": { "start": { "line": 58, "column": 0 }, "end": { "line": 58, "column": 71 } },
      "58": { "start": { "line": 59, "column": 0 }, "end": { "line": 59, "column": 26 } },
      "59": { "start": { "line": 60, "column": 0 }, "end": { "line": 60, "column": 18 } },
      "61": { "start": { "line": 62, "column": 0 }, "end": { "line": 62, "column": 12 } },
      "62": { "start": { "line": 63, "column": 0 }, "end": { "line": 63, "column": 10 } },
      "64": { "start": { "line": 65, "column": 0 }, "end": { "line": 65, "column": 17 } },
      "65": { "start": { "line": 66, "column": 0 }, "end": { "line": 66, "column": 22 } },
      "66": { "start": { "line": 67, "column": 0 }, "end": { "line": 67, "column": 10 } },
      "68": { "start": { "line": 69, "column": 0 }, "end": { "line": 69, "column": 1 } }
    },
    "s": {
      "0": 0,
      "7": 0,
      "8": 0,
      "9": 0,
      "10": 0,
      "11": 0,
      "12": 0,
      "13": 0,
      "14": 0,
      "15": 0,
      "16": 0,
      "17": 0,
      "18": 0,
      "19": 0,
      "21": 0,
      "22": 0,
      "23": 0,
      "24": 0,
      "25": 0,
      "26": 0,
      "27": 0,
      "28": 0,
      "29": 0,
      "31": 0,
      "32": 0,
      "33": 0,
      "35": 0,
      "37": 0,
      "38": 0,
      "39": 0,
      "40": 0,
      "41": 0,
      "42": 0,
      "43": 0,
      "44": 0,
      "45": 0,
      "46": 0,
      "47": 0,
      "48": 0,
      "49": 0,
      "50": 0,
      "51": 0,
      "52": 0,
      "54": 0,
      "55": 0,
      "56": 0,
      "57": 0,
      "58": 0,
      "59": 0,
      "61": 0,
      "62": 0,
      "64": 0,
      "65": 0,
      "66": 0,
      "68": 0
    },
    "branchMap": {
      "0": {
        "type": "branch",
        "line": 1,
        "loc": { "start": { "line": 1, "column": 0 }, "end": { "line": 69, "column": -1383 } },
        "locations": [
          { "start": { "line": 1, "column": 0 }, "end": { "line": 69, "column": -1383 } }
        ]
      }
    },
    "b": { "0": [0] },
    "fnMap": {
      "0": {
        "name": "(empty-report)",
        "decl": { "start": { "line": 1, "column": 0 }, "end": { "line": 69, "column": -1383 } },
        "loc": { "start": { "line": 1, "column": 0 }, "end": { "line": 69, "column": -1383 } },
        "line": 1
      }
    },
    "f": { "0": 0 }
  },
  "/workspaces/omnimind-ai/src/components/chat/Sidebar.tsx": {
    "path": "/workspaces/omnimind-ai/src/components/chat/Sidebar.tsx",
    "all": true,
    "statementMap": {
      "0": { "start": { "line": 1, "column": 0 }, "end": { "line": 1, "column": 70 } },
      "10": { "start": { "line": 11, "column": 0 }, "end": { "line": 11, "column": 27 } },
      "11": { "start": { "line": 12, "column": 0 }, "end": { "line": 12, "column": 33 } },
      "12": { "start": { "line": 13, "column": 0 }, "end": { "line": 13, "column": 30 } },
      "13": { "start": { "line": 14, "column": 0 }, "end": { "line": 14, "column": 71 } },
      "14": { "start": { "line": 15, "column": 0 }, "end": { "line": 15, "column": 35 } },
      "16": { "start": { "line": 17, "column": 0 }, "end": { "line": 17, "column": 40 } },
      "17": { "start": { "line": 18, "column": 0 }, "end": { "line": 18, "column": 43 } },
      "18": { "start": { "line": 19, "column": 0 }, "end": { "line": 19, "column": 43 } },
      "20": { "start": { "line": 21, "column": 0 }, "end": { "line": 21, "column": 43 } },
      "21": { "start": { "line": 22, "column": 0 }, "end": { "line": 22, "column": 26 } },
      "22": { "start": { "line": 23, "column": 0 }, "end": { "line": 23, "column": 28 } },
      "23": { "start": { "line": 24, "column": 0 }, "end": { "line": 24, "column": 5 } },
      "25": { "start": { "line": 26, "column": 0 }, "end": { "line": 26, "column": 29 } },
      "26": { "start": { "line": 27, "column": 0 }, "end": { "line": 27, "column": 9 } },
      "27": { "start": { "line": 28, "column": 0 }, "end": { "line": 28, "column": 66 } },
      "28": { "start": { "line": 29, "column": 0 }, "end": { "line": 29, "column": 60 } },
      "29": { "start": { "line": 30, "column": 0 }, "end": { "line": 30, "column": 69 } },
      "30": { "start": { "line": 31, "column": 0 }, "end": { "line": 31, "column": 17 } },
      "31": { "start": { "line": 32, "column": 0 }, "end": { "line": 32, "column": 40 } },
      "32": { "start": { "line": 33, "column": 0 }, "end": { "line": 33, "column": 5 } },
      "33": { "start": { "line": 34, "column": 0 }, "end": { "line": 34, "column": 4 } },
      "35": { "start": { "line": 36, "column": 0 }, "end": { "line": 36, "column": 42 } },
      "36": { "start": { "line": 37, "column": 0 }, "end": { "line": 37, "column": 54 } },
      "37": { "start": { "line": 38, "column": 0 }, "end": { "line": 38, "column": 9 } },
      "38": { "start": { "line": 39, "column": 0 }, "end": { "line": 39, "column": 47 } },
      "39": { "start": { "line": 40, "column": 0 }, "end": { "line": 40, "column": 60 } },
      "40": { "start": { "line": 41, "column": 0 }, "end": { "line": 41, "column": 52 } },
      "41": { "start": { "line": 42, "column": 0 }, "end": { "line": 42, "column": 17 } },
      "42": { "start": { "line": 43, "column": 0 }, "end": { "line": 43, "column": 40 } },
      "43": { "start": { "line": 44, "column": 0 }, "end": { "line": 44, "column": 5 } },
      "44": { "start": { "line": 45, "column": 0 }, "end": { "line": 45, "column": 4 } },
      "46": { "start": { "line": 47, "column": 0 }, "end": { "line": 47, "column": 32 } },
      "47": { "start": { "line": 48, "column": 0 }, "end": { "line": 48, "column": 29 } },
      "48": { "start": { "line": 49, "column": 0 }, "end": { "line": 49, "column": 15 } },
      "49": { "start": { "line": 50, "column": 0 }, "end": { "line": 50, "column": 34 } },
      "50": { "start": { "line": 51, "column": 0 }, "end": { "line": 51, "column": 45 } },
      "51": { "start": { "line": 52, "column": 0 }, "end": { "line": 52, "column": 4 } },
      "53": { "start": { "line": 54, "column": 0 }, "end": { "line": 54, "column": 10 } },
      "54": { "start": { "line": 55, "column": 0 }, "end": { "line": 55, "column": 93 } },
      "55": { "start": { "line": 56, "column": 0 }, "end": { "line": 56, "column": 27 } },
      "56": { "start": { "line": 57, "column": 0 }, "end": { "line": 57, "column": 57 } },
      "57": { "start": { "line": 58, "column": 0 }, "end": { "line": 58, "column": 87 } },
      "58": { "start": { "line": 59, "column": 0 }, "end": { "line": 59, "column": 56 } },
      "59": { "start": { "line": 60, "column": 0 }, "end": { "line": 60, "column": 16 } },
      "60": { "start": { "line": 61, "column": 0 }, "end": { "line": 61, "column": 68 } },
      "61": { "start": { "line": 62, "column": 0 }, "end": { "line": 62, "column": 15 } },
      "62": { "start": { "line": 63, "column": 0 }, "end": { "line": 63, "column": 12 } },
      "63": { "start": { "line": 64, "column": 0 }, "end": { "line": 64, "column": 28 } },
      "64": { "start": { "line": 65, "column": 0 }, "end": { "line": 65, "column": 95 } },
      "65": { "start": { "line": 66, "column": 0 }, "end": { "line": 66, "column": 51 } },
      "66": { "start": { "line": 67, "column": 0 }, "end": { "line": 67, "column": 17 } },
      "67": { "start": { "line": 68, "column": 0 }, "end": { "line": 68, "column": 12 } },
      "68": { "start": { "line": 69, "column": 0 }, "end": { "line": 69, "column": 56 } },
      "69": { "start": { "line": 70, "column": 0 }, "end": { "line": 70, "column": 111 } },
      "70": { "start": { "line": 71, "column": 0 }, "end": { "line": 71, "column": 37 } },
      "71": { "start": { "line": 72, "column": 0 }, "end": { "line": 72, "column": 31 } },
      "72": { "start": { "line": 73, "column": 0 }, "end": { "line": 73, "column": 16 } },
      "73": { "start": { "line": 74, "column": 0 }, "end": { "line": 74, "column": 24 } },
      "74": { "start": { "line": 75, "column": 0 }, "end": { "line": 75, "column": 113 } },
      "75": { "start": { "line": 76, "column": 0 }, "end": { "line": 76, "column": 114 } },
      "76": { "start": { "line": 77, "column": 0 }, "end": { "line": 77, "column": 17 } },
      "78": { "start": { "line": 79, "column": 0 }, "end": { "line": 79, "column": 19 } },
      "79": { "start": { "line": 80, "column": 0 }, "end": { "line": 80, "column": 37 } },
      "80": { "start": { "line": 81, "column": 0 }, "end": { "line": 81, "column": 43 } },
      "81": { "start": { "line": 82, "column": 0 }, "end": { "line": 82, "column": 66 } },
      "83": { "start": { "line": 84, "column": 0 }, "end": { "line": 84, "column": 74 } },
      "84": { "start": { "line": 85, "column": 0 }, "end": { "line": 85, "column": 66 } },
      "85": { "start": { "line": 86, "column": 0 }, "end": { "line": 86, "column": 21 } },
      "86": { "start": { "line": 87, "column": 0 }, "end": { "line": 87, "column": 21 } },
      "87": { "start": { "line": 88, "column": 0 }, "end": { "line": 88, "column": 29 } },
      "88": { "start": { "line": 89, "column": 0 }, "end": { "line": 89, "column": 46 } },
      "89": { "start": { "line": 90, "column": 0 }, "end": { "line": 90, "column": 88 } },
      "91": { "start": { "line": 92, "column": 0 }, "end": { "line": 92, "column": 47 } },
      "92": { "start": { "line": 93, "column": 0 }, "end": { "line": 93, "column": 23 } },
      "93": { "start": { "line": 94, "column": 0 }, "end": { "line": 94, "column": 18 } },
      "94": { "start": { "line": 95, "column": 0 }, "end": { "line": 95, "column": 13 } },
      "95": { "start": { "line": 96, "column": 0 }, "end": { "line": 96, "column": 36 } },
      "96": { "start": { "line": 97, "column": 0 }, "end": { "line": 97, "column": 104 } },
      "98": { "start": { "line": 99, "column": 0 }, "end": { "line": 99, "column": 14 } },
      "99": { "start": { "line": 100, "column": 0 }, "end": { "line": 100, "column": 12 } },
      "100": { "start": { "line": 101, "column": 0 }, "end": { "line": 101, "column": 58 } },
      "101": { "start": { "line": 102, "column": 0 }, "end": { "line": 102, "column": 108 } },
      "102": { "start": { "line": 103, "column": 0 }, "end": { "line": 103, "column": 53 } },
      "103": { "start": { "line": 104, "column": 0 }, "end": { "line": 104, "column": 17 } },
      "104": { "start": { "line": 105, "column": 0 }, "end": { "line": 105, "column": 12 } },
      "105": { "start": { "line": 106, "column": 0 }, "end": { "line": 106, "column": 12 } },
      "107": { "start": { "line": 108, "column": 0 }, "end": { "line": 108, "column": 1 } }
    },
    "s": {
      "0": 0,
      "10": 0,
      "11": 0,
      "12": 0,
      "13": 0,
      "14": 0,
      "16": 0,
      "17": 0,
      "18": 0,
      "20": 0,
      "21": 0,
      "22": 0,
      "23": 0,
      "25": 0,
      "26": 0,
      "27": 0,
      "28": 0,
      "29": 0,
      "30": 0,
      "31": 0,
      "32": 0,
      "33": 0,
      "35": 0,
      "36": 0,
      "37": 0,
      "38": 0,
      "39": 0,
      "40": 0,
      "41": 0,
      "42": 0,
      "43": 0,
      "44": 0,
      "46": 0,
      "47": 0,
      "48": 0,
      "49": 0,
      "50": 0,
      "51": 0,
      "53": 0,
      "54": 0,
      "55": 0,
      "56": 0,
      "57": 0,
      "58": 0,
      "59": 0,
      "60": 0,
      "61": 0,
      "62": 0,
      "63": 0,
      "64": 0,
      "65": 0,
      "66": 0,
      "67": 0,
      "68": 0,
      "69": 0,
      "70": 0,
      "71": 0,
      "72": 0,
      "73": 0,
      "74": 0,
      "75": 0,
      "76": 0,
      "78": 0,
      "79": 0,
      "80": 0,
      "81": 0,
      "83": 0,
      "84": 0,
      "85": 0,
      "86": 0,
      "87": 0,
      "88": 0,
      "89": 0,
      "91": 0,
      "92": 0,
      "93": 0,
      "94": 0,
      "95": 0,
      "96": 0,
      "98": 0,
      "99": 0,
      "100": 0,
      "101": 0,
      "102": 0,
      "103": 0,
      "104": 0,
      "105": 0,
      "107": 0
    },
    "branchMap": {
      "0": {
        "type": "branch",
        "line": 1,
        "loc": { "start": { "line": 1, "column": 0 }, "end": { "line": 108, "column": -2201 } },
        "locations": [
          { "start": { "line": 1, "column": 0 }, "end": { "line": 108, "column": -2201 } }
        ]
      }
    },
    "b": { "0": [0] },
    "fnMap": {
      "0": {
        "name": "(empty-report)",
        "decl": { "start": { "line": 1, "column": 0 }, "end": { "line": 108, "column": -2201 } },
        "loc": { "start": { "line": 1, "column": 0 }, "end": { "line": 108, "column": -2201 } },
        "line": 1
      }
    },
    "f": { "0": 0 }
  },
  "/workspaces/omnimind-ai/src/components/chat/ToolPart.tsx": {
    "path": "/workspaces/omnimind-ai/src/components/chat/ToolPart.tsx",
    "all": true,
    "statementMap": {
      "0": { "start": { "line": 1, "column": 0 }, "end": { "line": 1, "column": 33 } },
      "3": { "start": { "line": 4, "column": 0 }, "end": { "line": 4, "column": 76 } },
      "4": { "start": { "line": 5, "column": 0 }, "end": { "line": 5, "column": 21 } },
      "5": { "start": { "line": 6, "column": 0 }, "end": { "line": 6, "column": 19 } },
      "6": { "start": { "line": 7, "column": 0 }, "end": { "line": 7, "column": 26 } },
      "7": { "start": { "line": 8, "column": 0 }, "end": { "line": 8, "column": 30 } },
      "8": { "start": { "line": 9, "column": 0 }, "end": { "line": 9, "column": 2 } },
      "10": { "start": { "line": 11, "column": 0 }, "end": { "line": 11, "column": 26 } },
      "11": { "start": { "line": 12, "column": 0 }, "end": { "line": 12, "column": 7 } },
      "12": { "start": { "line": 13, "column": 0 }, "end": { "line": 13, "column": 8 } },
      "13": { "start": { "line": 14, "column": 0 }, "end": { "line": 14, "column": 8 } },
      "14": { "start": { "line": 15, "column": 0 }, "end": { "line": 15, "column": 9 } },
      "15": { "start": { "line": 16, "column": 0 }, "end": { "line": 16, "column": 4 } },
      "20": { "start": { "line": 21, "column": 0 }, "end": { "line": 21, "column": 4 } },
      "21": { "start": { "line": 22, "column": 0 }, "end": { "line": 22, "column": 42 } },
      "22": { "start": { "line": 23, "column": 0 }, "end": { "line": 23, "column": 37 } },
      "23": { "start": { "line": 24, "column": 0 }, "end": { "line": 24, "column": 66 } },
      "24": { "start": { "line": 25, "column": 0 }, "end": { "line": 25, "column": 62 } },
      "27": { "start": { "line": 28, "column": 0 }, "end": { "line": 28, "column": 69 } },
      "28": { "start": { "line": 29, "column": 0 }, "end": { "line": 29, "column": 73 } },
      "29": { "start": { "line": 30, "column": 0 }, "end": { "line": 30, "column": 12 } },
      "30": { "start": { "line": 31, "column": 0 }, "end": { "line": 31, "column": 63 } },
      "31": { "start": { "line": 32, "column": 0 }, "end": { "line": 32, "column": 71 } },
      "32": { "start": { "line": 33, "column": 0 }, "end": { "line": 33, "column": 61 } },
      "33": { "start": { "line": 34, "column": 0 }, "end": { "line": 34, "column": 14 } },
      "34": { "start": { "line": 35, "column": 0 }, "end": { "line": 35, "column": 82 } },
      "35": { "start": { "line": 36, "column": 0 }, "end": { "line": 36, "column": 34 } },
      "36": { "start": { "line": 37, "column": 0 }, "end": { "line": 37, "column": 43 } },
      "37": { "start": { "line": 38, "column": 0 }, "end": { "line": 38, "column": 34 } },
      "38": { "start": { "line": 39, "column": 0 }, "end": { "line": 39, "column": 69 } },
      "39": { "start": { "line": 40, "column": 0 }, "end": { "line": 40, "column": 151 } },
      "40": { "start": { "line": 41, "column": 0 }, "end": { "line": 41, "column": 25 } },
      "41": { "start": { "line": 42, "column": 0 }, "end": { "line": 42, "column": 23 } },
      "42": { "start": { "line": 43, "column": 0 }, "end": { "line": 43, "column": 32 } },
      "43": { "start": { "line": 44, "column": 0 }, "end": { "line": 44, "column": 19 } },
      "44": { "start": { "line": 45, "column": 0 }, "end": { "line": 45, "column": 15 } },
      "45": { "start": { "line": 46, "column": 0 }, "end": { "line": 46, "column": 15 } },
      "47": { "start": { "line": 48, "column": 0 }, "end": { "line": 48, "column": 12 } },
      "49": { "start": { "line": 50, "column": 0 }, "end": { "line": 50, "column": 3 } },
      "52": { "start": { "line": 53, "column": 0 }, "end": { "line": 53, "column": 78 } },
      "53": { "start": { "line": 54, "column": 0 }, "end": { "line": 54, "column": 126 } },
      "54": { "start": { "line": 55, "column": 0 }, "end": { "line": 55, "column": 12 } },
      "55": { "start": { "line": 56, "column": 0 }, "end": { "line": 56, "column": 61 } },
      "56": { "start": { "line": 57, "column": 0 }, "end": { "line": 57, "column": 91 } },
      "57": { "start": { "line": 58, "column": 0 }, "end": { "line": 58, "column": 100 } },
      "58": { "start": { "line": 59, "column": 0 }, "end": { "line": 59, "column": 14 } },
      "59": { "start": { "line": 60, "column": 0 }, "end": { "line": 60, "column": 40 } },
      "60": { "start": { "line": 61, "column": 0 }, "end": { "line": 61, "column": 47 } },
      "61": { "start": { "line": 62, "column": 0 }, "end": { "line": 62, "column": 132 } },
      "62": { "start": { "line": 63, "column": 0 }, "end": { "line": 63, "column": 88 } },
      "63": { "start": { "line": 64, "column": 0 }, "end": { "line": 64, "column": 101 } },
      "64": { "start": { "line": 65, "column": 0 }, "end": { "line": 65, "column": 76 } },
      "65": { "start": { "line": 66, "column": 0 }, "end": { "line": 66, "column": 16 } },
      "66": { "start": { "line": 67, "column": 0 }, "end": { "line": 67, "column": 13 } },
      "67": { "start": { "line": 68, "column": 0 }, "end": { "line": 68, "column": 14 } },
      "68": { "start": { "line": 69, "column": 0 }, "end": { "line": 69, "column": 12 } },
      "70": { "start": { "line": 71, "column": 0 }, "end": { "line": 71, "column": 3 } },
      "72": { "start": { "line": 73, "column": 0 }, "end": { "line": 73, "column": 10 } },
      "73": { "start": { "line": 74, "column": 0 }, "end": { "line": 74, "column": 63 } },
      "74": { "start": { "line": 75, "column": 0 }, "end": { "line": 75, "column": 102 } },
      "75": { "start": { "line": 76, "column": 0 }, "end": { "line": 76, "column": 37 } },
      "76": { "start": { "line": 77, "column": 0 }, "end": { "line": 77, "column": 51 } },
      "77": { "start": { "line": 78, "column": 0 }, "end": { "line": 78, "column": 94 } },
      "78": { "start": { "line": 79, "column": 0 }, "end": { "line": 79, "column": 70 } },
      "79": { "start": { "line": 80, "column": 0 }, "end": { "line": 80, "column": 91 } },
      "80": { "start": { "line": 81, "column": 0 }, "end": { "line": 81, "column": 15 } },
      "81": { "start": { "line": 82, "column": 0 }, "end": { "line": 82, "column": 16 } },
      "82": { "start": { "line": 83, "column": 0 }, "end": { "line": 83, "column": 45 } },
      "83": { "start": { "line": 84, "column": 0 }, "end": { "line": 84, "column": 29 } },
      "84": { "start": { "line": 85, "column": 0 }, "end": { "line": 85, "column": 116 } },
      "86": { "start": { "line": 87, "column": 0 }, "end": { "line": 87, "column": 30 } },
      "87": { "start": { "line": 88, "column": 0 }, "end": { "line": 88, "column": 117 } },
      "89": { "start": { "line": 90, "column": 0 }, "end": { "line": 90, "column": 14 } },
      "91": { "start": { "line": 92, "column": 0 }, "end": { "line": 92, "column": 10 } },
      "93": { "start": { "line": 94, "column": 0 }, "end": { "line": 94, "column": 1 } }
    },
    "s": {
      "0": 0,
      "3": 0,
      "4": 0,
      "5": 0,
      "6": 0,
      "7": 0,
      "8": 0,
      "10": 0,
      "11": 0,
      "12": 0,
      "13": 0,
      "14": 0,
      "15": 0,
      "20": 0,
      "21": 0,
      "22": 0,
      "23": 0,
      "24": 0,
      "27": 0,
      "28": 0,
      "29": 0,
      "30": 0,
      "31": 0,
      "32": 0,
      "33": 0,
      "34": 0,
      "35": 0,
      "36": 0,
      "37": 0,
      "38": 0,
      "39": 0,
      "40": 0,
      "41": 0,
      "42": 0,
      "43": 0,
      "44": 0,
      "45": 0,
      "47": 0,
      "49": 0,
      "52": 0,
      "53": 0,
      "54": 0,
      "55": 0,
      "56": 0,
      "57": 0,
      "58": 0,
      "59": 0,
      "60": 0,
      "61": 0,
      "62": 0,
      "63": 0,
      "64": 0,
      "65": 0,
      "66": 0,
      "67": 0,
      "68": 0,
      "70": 0,
      "72": 0,
      "73": 0,
      "74": 0,
      "75": 0,
      "76": 0,
      "77": 0,
      "78": 0,
      "79": 0,
      "80": 0,
      "81": 0,
      "82": 0,
      "83": 0,
      "84": 0,
      "86": 0,
      "87": 0,
      "89": 0,
      "91": 0,
      "93": 0
    },
    "branchMap": {
      "0": {
        "type": "branch",
        "line": 1,
        "loc": { "start": { "line": 1, "column": 0 }, "end": { "line": 94, "column": -1723 } },
        "locations": [
          { "start": { "line": 1, "column": 0 }, "end": { "line": 94, "column": -1723 } }
        ]
      }
    },
    "b": { "0": [0] },
    "fnMap": {
      "0": {
        "name": "(empty-report)",
        "decl": { "start": { "line": 1, "column": 0 }, "end": { "line": 94, "column": -1723 } },
        "loc": { "start": { "line": 1, "column": 0 }, "end": { "line": 94, "column": -1723 } },
        "line": 1
      }
    },
    "f": { "0": 0 }
  },
  "/workspaces/omnimind-ai/src/components/ui/accordion.tsx": {
    "path": "/workspaces/omnimind-ai/src/components/ui/accordion.tsx",
    "all": true,
    "statementMap": {
      "0": { "start": { "line": 1, "column": 0 }, "end": { "line": 1, "column": 31 } },
      "6": { "start": { "line": 7, "column": 0 }, "end": { "line": 7, "column": 42 } },
      "8": { "start": { "line": 9, "column": 0 }, "end": { "line": 9, "column": 39 } },
      "11": { "start": { "line": 12, "column": 0 }, "end": { "line": 12, "column": 37 } },
      "12": { "start": { "line": 13, "column": 0 }, "end": { "line": 13, "column": 88 } },
      "13": { "start": { "line": 14, "column": 0 }, "end": { "line": 14, "column": 3 } },
      "14": { "start": { "line": 15, "column": 0 }, "end": { "line": 15, "column": 44 } },
      "16": { "start": { "line": 17, "column": 0 }, "end": { "line": 17, "column": 42 } },
      "19": { "start": { "line": 20, "column": 0 }, "end": { "line": 20, "column": 47 } },
      "20": { "start": { "line": 21, "column": 0 }, "end": { "line": 21, "column": 46 } },
      "21": { "start": { "line": 22, "column": 0 }, "end": { "line": 22, "column": 31 } },
      "22": { "start": { "line": 23, "column": 0 }, "end": { "line": 23, "column": 15 } },
      "23": { "start": { "line": 24, "column": 0 }, "end": { "line": 24, "column": 20 } },
      "24": { "start": { "line": 25, "column": 0 }, "end": { "line": 25, "column": 168 } },
      "25": { "start": { "line": 26, "column": 0 }, "end": { "line": 26, "column": 18 } },
      "26": { "start": { "line": 27, "column": 0 }, "end": { "line": 27, "column": 8 } },
      "27": { "start": { "line": 28, "column": 0 }, "end": { "line": 28, "column": 16 } },
      "29": { "start": { "line": 30, "column": 0 }, "end": { "line": 30, "column": 16 } },
      "30": { "start": { "line": 31, "column": 0 }, "end": { "line": 31, "column": 106 } },
      "31": { "start": { "line": 32, "column": 0 }, "end": { "line": 32, "column": 33 } },
      "32": { "start": { "line": 33, "column": 0 }, "end": { "line": 33, "column": 30 } },
      "33": { "start": { "line": 34, "column": 0 }, "end": { "line": 34, "column": 3 } },
      "34": { "start": { "line": 35, "column": 0 }, "end": { "line": 35, "column": 70 } },
      "36": { "start": { "line": 37, "column": 0 }, "end": { "line": 37, "column": 42 } },
      "39": { "start": { "line": 40, "column": 0 }, "end": { "line": 40, "column": 47 } },
      "40": { "start": { "line": 41, "column": 0 }, "end": { "line": 41, "column": 29 } },
      "41": { "start": { "line": 42, "column": 0 }, "end": { "line": 42, "column": 13 } },
      "42": { "start": { "line": 43, "column": 0 }, "end": { "line": 43, "column": 121 } },
      "43": { "start": { "line": 44, "column": 0 }, "end": { "line": 44, "column": 14 } },
      "45": { "start": { "line": 46, "column": 0 }, "end": { "line": 46, "column": 64 } },
      "46": { "start": { "line": 47, "column": 0 }, "end": { "line": 47, "column": 31 } },
      "47": { "start": { "line": 48, "column": 0 }, "end": { "line": 48, "column": 3 } },
      "48": { "start": { "line": 49, "column": 0 }, "end": { "line": 49, "column": 70 } }
    },
    "s": {
      "0": 0,
      "6": 0,
      "8": 0,
      "11": 0,
      "12": 0,
      "13": 0,
      "14": 0,
      "16": 0,
      "19": 0,
      "20": 0,
      "21": 0,
      "22": 0,
      "23": 0,
      "24": 0,
      "25": 0,
      "26": 0,
      "27": 0,
      "29": 0,
      "30": 0,
      "31": 0,
      "32": 0,
      "33": 0,
      "34": 0,
      "36": 0,
      "39": 0,
      "40": 0,
      "41": 0,
      "42": 0,
      "43": 0,
      "45": 0,
      "46": 0,
      "47": 0,
      "48": 0
    },
    "branchMap": {
      "0": {
        "type": "branch",
        "line": 1,
        "loc": { "start": { "line": 1, "column": 0 }, "end": { "line": 51, "column": -1121 } },
        "locations": [
          { "start": { "line": 1, "column": 0 }, "end": { "line": 51, "column": -1121 } }
        ]
      }
    },
    "b": { "0": [0] },
    "fnMap": {
      "0": {
        "name": "(empty-report)",
        "decl": { "start": { "line": 1, "column": 0 }, "end": { "line": 51, "column": -1121 } },
        "loc": { "start": { "line": 1, "column": 0 }, "end": { "line": 51, "column": -1121 } },
        "line": 1
      }
    },
    "f": { "0": 0 }
  },
  "/workspaces/omnimind-ai/src/components/ui/alert-dialog.tsx": {
    "path": "/workspaces/omnimind-ai/src/components/ui/alert-dialog.tsx",
    "all": true,
    "statementMap": {
      "0": { "start": { "line": 1, "column": 0 }, "end": { "line": 1, "column": 31 } },
      "6": { "start": { "line": 7, "column": 0 }, "end": { "line": 7, "column": 46 } },
      "8": { "start": { "line": 9, "column": 0 }, "end": { "line": 9, "column": 56 } },
      "10": { "start": { "line": 11, "column": 0 }, "end": { "line": 11, "column": 54 } },
      "12": { "start": { "line": 13, "column": 0 }, "end": { "line": 13, "column": 44 } },
      "15": { "start": { "line": 16, "column": 0 }, "end": { "line": 16, "column": 37 } },
      "16": { "start": { "line": 17, "column": 0 }, "end": { "line": 17, "column": 31 } },
      "17": { "start": { "line": 18, "column": 0 }, "end": { "line": 18, "column": 18 } },
      "18": { "start": { "line": 19, "column": 0 }, "end": { "line": 19, "column": 159 } },
[...]
      "7": { "start": { "line": 8, "column": 0 }, "end": { "line": 8, "column": 61 } },
      "8": { "start": { "line": 9, "column": 0 }, "end": { "line": 9, "column": 31 } },
      "9": { "start": { "line": 10, "column": 0 }, "end": { "line": 10, "column": 4 } },
      "10": { "start": { "line": 11, "column": 0 }, "end": { "line": 11, "column": 30 } },
      "11": { "start": { "line": 12, "column": 0 }, "end": { "line": 12, "column": 3 } }
    },
    "s": { "0": 0, "3": 0, "4": 0, "5": 0, "6": 0, "7": 0, "8": 0, "9": 0, "10": 0, "11": 0 },
    "branchMap": {
      "0": {
        "type": "branch",
        "line": 1,
        "loc": { "start": { "line": 1, "column": 0 }, "end": { "line": 12, "column": -252 } },
        "locations": [
          { "start": { "line": 1, "column": 0 }, "end": { "line": 12, "column": -252 } }
        ]
      }
    },
    "b": { "0": [0] },
    "fnMap": {
      "0": {
        "name": "(empty-report)",
        "decl": { "start": { "line": 1, "column": 0 }, "end": { "line": 12, "column": -252 } },
        "loc": { "start": { "line": 1, "column": 0 }, "end": { "line": 12, "column": -252 } },
        "line": 1
      }
    },
    "f": { "0": 0 }
  },
  "/workspaces/omnimind-ai/src/routes/api/chat.ts": {
    "path": "/workspaces/omnimind-ai/src/routes/api/chat.ts",
    "all": true,
    "statementMap": {
      "0": { "start": { "line": 1, "column": 0 }, "end": { "line": 1, "column": 57 } },
      "19": { "start": { "line": 20, "column": 0 }, "end": { "line": 20, "column": 116 } },
      "29": { "start": { "line": 30, "column": 0 }, "end": { "line": 30, "column": 24 } },
      "50": { "start": { "line": 51, "column": 0 }, "end": { "line": 51, "column": 76 } },
      "51": { "start": { "line": 52, "column": 0 }, "end": { "line": 52, "column": 64 } },
      "52": { "start": { "line": 53, "column": 0 }, "end": { "line": 53, "column": 50 } },
      "53": { "start": { "line": 54, "column": 0 }, "end": { "line": 54, "column": 72 } },
      "54": { "start": { "line": 55, "column": 0 }, "end": { "line": 55, "column": 27 } },
      "55": { "start": { "line": 56, "column": 0 }, "end": { "line": 56, "column": 6 } },
      "56": { "start": { "line": 57, "column": 0 }, "end": { "line": 57, "column": 13 } },
      "57": { "start": { "line": 58, "column": 0 }, "end": { "line": 58, "column": 33 } },
      "58": { "start": { "line": 59, "column": 0 }, "end": { "line": 59, "column": 63 } },
      "59": { "start": { "line": 60, "column": 0 }, "end": { "line": 60, "column": 5 } },
      "60": { "start": { "line": 61, "column": 0 }, "end": { "line": 61, "column": 71 } },
      "61": { "start": { "line": 62, "column": 0 }, "end": { "line": 62, "column": 3 } },
      "62": { "start": { "line": 63, "column": 0 }, "end": { "line": 63, "column": 19 } },
      "63": { "start": { "line": 64, "column": 0 }, "end": { "line": 64, "column": 1 } },
      "65": { "start": { "line": 66, "column": 0 }, "end": { "line": 66, "column": 62 } },
      "66": { "start": { "line": 67, "column": 0 }, "end": { "line": 67, "column": 48 } },
      "67": { "start": { "line": 68, "column": 0 }, "end": { "line": 68, "column": 59 } },
      "68": { "start": { "line": 69, "column": 0 }, "end": { "line": 69, "column": 3 } },
      "70": { "start": { "line": 71, "column": 0 }, "end": { "line": 71, "column": 50 } },
      "71": { "start": { "line": 72, "column": 0 }, "end": { "line": 72, "column": 51 } },
      "72": { "start": { "line": 73, "column": 0 }, "end": { "line": 73, "column": 57 } },
      "73": { "start": { "line": 74, "column": 0 }, "end": { "line": 74, "column": 51 } },
      "75": { "start": { "line": 76, "column": 0 }, "end": { "line": 76, "column": 58 } },
      "76": { "start": { "line": 77, "column": 0 }, "end": { "line": 77, "column": 71 } },
      "77": { "start": { "line": 78, "column": 0 }, "end": { "line": 78, "column": 3 } },
      "79": { "start": { "line": 80, "column": 0 }, "end": { "line": 80, "column": 50 } },
      "80": { "start": { "line": 81, "column": 0 }, "end": { "line": 81, "column": 55 } },
      "81": { "start": { "line": 82, "column": 0 }, "end": { "line": 82, "column": 3 } },
      "84": { "start": { "line": 85, "column": 0 }, "end": { "line": 85, "column": 7 } },
      "85": { "start": { "line": 86, "column": 0 }, "end": { "line": 86, "column": 38 } },
      "86": { "start": { "line": 87, "column": 0 }, "end": { "line": 87, "column": 11 } },
      "87": { "start": { "line": 88, "column": 0 }, "end": { "line": 88, "column": 55 } },
      "88": { "start": { "line": 89, "column": 0 }, "end": { "line": 89, "column": 3 } },
      "90": { "start": { "line": 91, "column": 0 }, "end": { "line": 91, "column": 43 } },
      "91": { "start": { "line": 92, "column": 0 }, "end": { "line": 92, "column": 1 } },
      "93": { "start": { "line": 94, "column": 0 }, "end": { "line": 94, "column": 51 } },
      "94": { "start": { "line": 95, "column": 0 }, "end": { "line": 95, "column": 11 } },
      "95": { "start": { "line": 96, "column": 0 }, "end": { "line": 96, "column": 15 } },
      "96": { "start": { "line": 97, "column": 0 }, "end": { "line": 97, "column": 36 } },
      "97": { "start": { "line": 98, "column": 0 }, "end": { "line": 98, "column": 13 } },
      "98": { "start": { "line": 99, "column": 0 }, "end": { "line": 99, "column": 39 } },
      "99": { "start": { "line": 100, "column": 0 }, "end": { "line": 100, "column": 65 } },
      "102": { "start": { "line": 103, "column": 0 }, "end": { "line": 103, "column": 77 } },
      "105": { "start": { "line": 106, "column": 0 }, "end": { "line": 106, "column": 24 } },
      "106": { "start": { "line": 107, "column": 0 }, "end": { "line": 107, "column": 47 } },
      "107": { "start": { "line": 108, "column": 0 }, "end": { "line": 108, "column": 64 } },
      "109": { "start": { "line": 110, "column": 0 }, "end": { "line": 110, "column": 24 } },
      "110": { "start": { "line": 111, "column": 0 }, "end": { "line": 111, "column": 77 } },
      "111": { "start": { "line": 112, "column": 0 }, "end": { "line": 112, "column": 11 } },
      "114": { "start": { "line": 115, "column": 0 }, "end": { "line": 115, "column": 68 } },
      "115": { "start": { "line": 116, "column": 0 }, "end": { "line": 116, "column": 64 } },
      "116": { "start": { "line": 117, "column": 0 }, "end": { "line": 117, "column": 28 } },
      "117": { "start": { "line": 118, "column": 0 }, "end": { "line": 118, "column": 32 } },
      "118": { "start": { "line": 119, "column": 0 }, "end": { "line": 119, "column": 13 } },
      "120": { "start": { "line": 121, "column": 0 }, "end": { "line": 121, "column": 41 } },
      "121": { "start": { "line": 122, "column": 0 }, "end": { "line": 122, "column": 74 } },
      "122": { "start": { "line": 123, "column": 0 }, "end": { "line": 123, "column": 39 } },
      "123": { "start": { "line": 124, "column": 0 }, "end": { "line": 124, "column": 58 } },
      "124": { "start": { "line": 125, "column": 0 }, "end": { "line": 125, "column": 17 } },
      "125": { "start": { "line": 126, "column": 0 }, "end": { "line": 126, "column": 14 } },
      "126": { "start": { "line": 127, "column": 0 }, "end": { "line": 127, "column": 11 } },
      "128": { "start": { "line": 129, "column": 0 }, "end": { "line": 129, "column": 50 } },
      "129": { "start": { "line": 130, "column": 0 }, "end": { "line": 130, "column": 21 } },
      "130": { "start": { "line": 131, "column": 0 }, "end": { "line": 131, "column": 39 } },
      "131": { "start": { "line": 132, "column": 0 }, "end": { "line": 132, "column": 56 } },
      "132": { "start": { "line": 133, "column": 0 }, "end": { "line": 133, "column": 14 } },
      "133": { "start": { "line": 134, "column": 0 }, "end": { "line": 134, "column": 11 } },
      "135": { "start": { "line": 136, "column": 0 }, "end": { "line": 136, "column": 62 } },
      "136": { "start": { "line": 137, "column": 0 }, "end": { "line": 137, "column": 65 } },
      "139": { "start": { "line": 140, "column": 0 }, "end": { "line": 140, "column": 53 } },
      "141": { "start": { "line": 142, "column": 0 }, "end": { "line": 142, "column": 35 } },
      "142": { "start": { "line": 143, "column": 0 }, "end": { "line": 143, "column": 19 } },
      "143": { "start": { "line": 144, "column": 0 }, "end": { "line": 144, "column": 21 } },
      "144": { "start": { "line": 145, "column": 0 }, "end": { "line": 145, "column": 42 } },
      "145": { "start": { "line": 146, "column": 0 }, "end": { "line": 146, "column": 22 } },
      "146": { "start": { "line": 147, "column": 0 }, "end": { "line": 147, "column": 58 } },
      "147": { "start": { "line": 148, "column": 0 }, "end": { "line": 148, "column": 13 } },
      "149": { "start": { "line": 150, "column": 0 }, "end": { "line": 150, "column": 37 } },
      "150": { "start": { "line": 151, "column": 0 }, "end": { "line": 151, "column": 18 } },
      "151": { "start": { "line": 152, "column": 0 }, "end": { "line": 152, "column": 68 } },
      "152": { "start": { "line": 153, "column": 0 }, "end": { "line": 153, "column": 61 } },
      "153": { "start": { "line": 154, "column": 0 }, "end": { "line": 154, "column": 69 } },
      "154": { "start": { "line": 155, "column": 0 }, "end": { "line": 155, "column": 38 } },
      "155": { "start": { "line": 156, "column": 0 }, "end": { "line": 156, "column": 13 } },
      "157": { "start": { "line": 158, "column": 0 }, "end": { "line": 158, "column": 61 } },
      "158": { "start": { "line": 159, "column": 0 }, "end": { "line": 159, "column": 39 } },
      "159": { "start": { "line": 160, "column": 0 }, "end": { "line": 160, "column": 13 } },
      "162": { "start": { "line": 163, "column": 0 }, "end": { "line": 163, "column": 31 } },
      "163": { "start": { "line": 164, "column": 0 }, "end": { "line": 164, "column": 36 } },
      "164": { "start": { "line": 165, "column": 0 }, "end": { "line": 165, "column": 45 } },
      "165": { "start": { "line": 166, "column": 0 }, "end": { "line": 166, "column": 12 } },
      "166": { "start": { "line": 167, "column": 0 }, "end": { "line": 167, "column": 31 } },
      "167": { "start": { "line": 168, "column": 0 }, "end": { "line": 168, "column": 35 } },
      "168": { "start": { "line": 169, "column": 0 }, "end": { "line": 169, "column": 43 } },
      "169": { "start": { "line": 170, "column": 0 }, "end": { "line": 170, "column": 12 } },
      "171": { "start": { "line": 172, "column": 0 }, "end": { "line": 172, "column": 50 } },
      "172": { "start": { "line": 173, "column": 0 }, "end": { "line": 173, "column": 76 } },
      "174": { "start": { "line": 175, "column": 0 }, "end": { "line": 175, "column": 26 } },
      "175": { "start": { "line": 176, "column": 0 }, "end": { "line": 176, "column": 25 } },
      "176": { "start": { "line": 177, "column": 0 }, "end": { "line": 177, "column": 45 } },
      "177": { "start": { "line": 178, "column": 0 }, "end": { "line": 178, "column": 51 } },
      "178": { "start": { "line": 179, "column": 0 }, "end": { "line": 179, "column": 11 } },
      "179": { "start": { "line": 180, "column": 0 }, "end": { "line": 180, "column": 51 } },
      "180": { "start": { "line": 181, "column": 0 }, "end": { "line": 181, "column": 51 } },
      "181": { "start": { "line": 182, "column": 0 }, "end": { "line": 182, "column": 11 } },
      "182": { "start": { "line": 183, "column": 0 }, "end": { "line": 183, "column": 57 } },
      "183": { "start": { "line": 184, "column": 0 }, "end": { "line": 184, "column": 49 } },
      "184": { "start": { "line": 185, "column": 0 }, "end": { "line": 185, "column": 9 } },
      "185": { "start": { "line": 186, "column": 0 }, "end": { "line": 186, "column": 8 } },
      "186": { "start": { "line": 187, "column": 0 }, "end": { "line": 187, "column": 6 } },
      "187": { "start": { "line": 188, "column": 0 }, "end": { "line": 188, "column": 4 } },
      "188": { "start": { "line": 189, "column": 0 }, "end": { "line": 189, "column": 3 } }
    },
    "s": {
      "0": 0,
      "19": 0,
      "29": 0,
      "50": 0,
      "51": 0,
      "52": 0,
      "53": 0,
      "54": 0,
      "55": 0,
      "56": 0,
      "57": 0,
      "58": 0,
      "59": 0,
      "60": 0,
      "61": 0,
      "62": 0,
      "63": 0,
      "65": 0,
      "66": 0,
      "67": 0,
      "68": 0,
      "70": 0,
      "71": 0,
      "72": 0,
      "73": 0,
      "75": 0,
      "76": 0,
      "77": 0,
      "79": 0,
      "80": 0,
      "81": 0,
      "84": 0,
      "85": 0,
      "86": 0,
      "87": 0,
      "88": 0,
      "90": 0,
      "91": 0,
      "93": 0,
      "94": 0,
      "95": 0,
      "96": 0,
      "97": 0,
      "98": 0,
      "99": 0,
      "102": 0,
      "105": 0,
      "106": 0,
      "107": 0,
      "109": 0,
      "110": 0,
      "111": 0,
      "114": 0,
      "115": 0,
      "116": 0,
      "117": 0,
      "118": 0,
      "120": 0,
      "121": 0,
      "122": 0,
      "123": 0,
      "124": 0,
      "125": 0,
      "126": 0,
      "128": 0,
      "129": 0,
      "130": 0,
      "131": 0,
      "132": 0,
      "133": 0,
      "135": 0,
      "136": 0,
      "139": 0,
      "141": 0,
      "142": 0,
      "143": 0,
      "144": 0,
      "145": 0,
      "146": 0,
      "147": 0,
      "149": 0,
      "150": 0,
      "151": 0,
      "152": 0,
      "153": 0,
      "154": 0,
      "155": 0,
      "157": 0,
      "158": 0,
      "159": 0,
      "162": 0,
      "163": 0,
      "164": 0,
      "165": 0,
      "166": 0,
      "167": 0,
      "168": 0,
      "169": 0,
      "171": 0,
      "172": 0,
      "174": 0,
      "175": 0,
      "176": 0,
      "177": 0,
      "178": 0,
      "179": 0,
      "180": 0,
      "181": 0,
      "182": 0,
      "183": 0,
      "184": 0,
      "185": 0,
      "186": 0,
      "187": 0,
      "188": 0
    },
    "branchMap": {
      "0": {
        "type": "branch",
        "line": 1,
        "loc": { "start": { "line": 1, "column": 0 }, "end": { "line": 189, "column": -224 } },
        "locations": [
          { "start": { "line": 1, "column": 0 }, "end": { "line": 189, "column": -224 } }
        ]
      }
    },
    "b": { "0": [0] },
    "fnMap": {
      "0": {
        "name": "(empty-report)",
        "decl": { "start": { "line": 1, "column": 0 }, "end": { "line": 189, "column": -224 } },
        "loc": { "start": { "line": 1, "column": 0 }, "end": { "line": 189, "column": -224 } },
        "line": 1
      }
    },
    "f": { "0": 0 }
  },
  "/workspaces/omnimind-ai/src/routes/api/health.ts": {
    "path": "/workspaces/omnimind-ai/src/routes/api/health.ts",
    "all": true,
    "statementMap": {
      "0": { "start": { "line": 1, "column": 0 }, "end": { "line": 1, "column": 3 } },
      "23": { "start": { "line": 24, "column": 0 }, "end": { "line": 24, "column": 53 } },
      "24": { "start": { "line": 25, "column": 0 }, "end": { "line": 25, "column": 11 } },
      "25": { "start": { "line": 26, "column": 0 }, "end": { "line": 26, "column": 15 } },
      "26": { "start": { "line": 27, "column": 0 }, "end": { "line": 27, "column": 24 } },
      "27": { "start": { "line": 28, "column": 0 }, "end": { "line": 28, "column": 13 } },
      "28": { "start": { "line": 29, "column": 0 }, "end": { "line": 29, "column": 49 } },
      "29": { "start": { "line": 30, "column": 0 }, "end": { "line": 30, "column": 70 } },
      "31": { "start": { "line": 32, "column": 0 }, "end": { "line": 32, "column": 40 } },
      "32": { "start": { "line": 33, "column": 0 }, "end": { "line": 33, "column": 30 } },
      "33": { "start": { "line": 34, "column": 0 }, "end": { "line": 34, "column": 48 } },
      "34": { "start": { "line": 35, "column": 0 }, "end": { "line": 35, "column": 52 } },
      "35": { "start": { "line": 36, "column": 0 }, "end": { "line": 36, "column": 37 } },
      "36": { "start": { "line": 37, "column": 0 }, "end": { "line": 37, "column": 21 } },
      "37": { "start": { "line": 38, "column": 0 }, "end": { "line": 38, "column": 74 } },
      "38": { "start": { "line": 39, "column": 0 }, "end": { "line": 39, "column": 70 } },
      "39": { "start": { "line": 40, "column": 0 }, "end": { "line": 40, "column": 68 } },
      "40": { "start": { "line": 41, "column": 0 }, "end": { "line": 41, "column": 14 } },
      "41": { "start": { "line": 42, "column": 0 }, "end": { "line": 42, "column": 20 } },
      "42": { "start": { "line": 43, "column": 0 }, "end": { "line": 43, "column": 63 } },
      "43": { "start": { "line": 44, "column": 0 }, "end": { "line": 44, "column": 12 } },
      "46": { "start": { "line": 47, "column": 0 }, "end": { "line": 47, "column": 71 } },
      "47": { "start": { "line": 48, "column": 0 }, "end": { "line": 48, "column": 39 } },
      "48": { "start": { "line": 49, "column": 0 }, "end": { "line": 49, "column": 11 } },
      "50": { "start": { "line": 51, "column": 0 }, "end": { "line": 51, "column": 61 } },
      "52": { "start": { "line": 53, "column": 0 }, "end": { "line": 53, "column": 55 } },
      "53": { "start": { "line": 54, "column": 0 }, "end": { "line": 54, "column": 62 } },
      "54": { "start": { "line": 55, "column": 0 }, "end": { "line": 55, "column": 60 } },
      "55": { "start": { "line": 56, "column": 0 }, "end": { "line": 56, "column": 13 } },
      "56": { "start": { "line": 57, "column": 0 }, "end": { "line": 57, "column": 25 } },
      "57": { "start": { "line": 58, "column": 0 }, "end": { "line": 58, "column": 55 } },
      "58": { "start": { "line": 59, "column": 0 }, "end": { "line": 59, "column": 30 } },
      "59": { "start": { "line": 60, "column": 0 }, "end": { "line": 60, "column": 28 } },
      "60": { "start": { "line": 61, "column": 0 }, "end": { "line": 61, "column": 34 } },
      "61": { "start": { "line": 62, "column": 0 }, "end": { "line": 62, "column": 35 } },
      "62": { "start": { "line": 63, "column": 0 }, "end": { "line": 63, "column": 50 } },
      "63": { "start": { "line": 64, "column": 0 }, "end": { "line": 64, "column": 15 } },
      "64": { "start": { "line": 65, "column": 0 }, "end": { "line": 65, "column": 76 } },
      "65": { "start": { "line": 66, "column": 0 }, "end": { "line": 66, "column": 12 } },
      "66": { "start": { "line": 67, "column": 0 }, "end": { "line": 67, "column": 9 } },
      "67": { "start": { "line": 68, "column": 0 }, "end": { "line": 68, "column": 8 } },
      "68": { "start": { "line": 69, "column": 0 }, "end": { "line": 69, "column": 6 } },
      "69": { "start": { "line": 70, "column": 0 }, "end": { "line": 70, "column": 4 } },
      "70": { "start": { "line": 71, "column": 0 }, "end": { "line": 71, "column": 3 } }
    },
    "s": {
      "0": 0,
      "23": 0,
      "24": 0,
      "25": 0,
      "26": 0,
      "27": 0,
      "28": 0,
      "29": 0,
      "31": 0,
      "32": 0,
      "33": 0,
      "34": 0,
      "35": 0,
      "36": 0,
      "37": 0,
      "38": 0,
      "39": 0,
      "40": 0,
      "41": 0,
      "42": 0,
      "43": 0,
      "46": 0,
      "47": 0,
      "48": 0,
      "50": 0,
      "52": 0,
      "53": 0,
      "54": 0,
      "55": 0,
      "56": 0,
      "57": 0,
      "58": 0,
      "59": 0,
      "60": 0,
      "61": 0,
      "62": 0,
      "63": 0,
      "64": 0,
      "65": 0,
      "66": 0,
      "67": 0,
      "68": 0,
      "69": 0,
      "70": 0
    },
    "branchMap": {
      "0": {
        "type": "branch",
        "line": 1,
        "loc": { "start": { "line": 1, "column": 2169 }, "end": { "line": 71, "column": 3 } },
        "locations": [
          { "start": { "line": 1, "column": 2169 }, "end": { "line": 71, "column": 3 } }
        ]
      }
    },
    "b": { "0": [0] },
    "fnMap": {
      "0": {
        "name": "(empty-report)",
        "decl": { "start": { "line": 1, "column": 2169 }, "end": { "line": 71, "column": 3 } },
        "loc": { "start": { "line": 1, "column": 2169 }, "end": { "line": 71, "column": 3 } },
        "line": 1
      }
    },
    "f": { "0": 0 }
  }
}
